2024-07-22 14:24:06 - Training ROC AUC Score: 0.8943445842803633
2024-07-22 14:24:06 - Base Validation ROC AUC Score: 0.8804545100063051
2024-07-22 14:29:14 - Training ROC AUC Score: 0.894128293985384
2024-07-22 14:29:14 - MINMAX Validation ROC AUC Score: 0.8801952935940437
2024-07-22 14:32:17 - Training ROC AUC Score: 0.9004028410933992
2024-07-22 14:32:17 - Remove Outliers Validation ROC AUC Score: 0.886632301573973
2024-07-22 14:32:30 - Training ROC AUC Score: 0.8915178664520692
2024-07-22 14:32:30 - Rare Categories Validation ROC AUC Score: 0.8790095537933353
2024-07-22 14:36:01 - Training ROC AUC Score: 0.8934282088009262
2024-07-22 14:36:01 - Clustering Validation ROC AUC Score: 0.8801812977940393
2024-07-22 14:36:08 - Training ROC AUC Score: 0.8932081332734966
2024-07-22 14:36:08 - Feature Engineering Validation ROC AUC Score: 0.879921576127149
2024-07-22 14:46:21 - Training ROC AUC Score: 0.894071999058425
2024-07-22 14:46:21 - Feature Engineering Validation ROC AUC Score: 0.8800425790760178
2024-07-22 14:52:23 - Training ROC AUC Score: 0.8976559055923635
2024-07-22 14:52:23 - Elimating CORR Validation ROC AUC Score: 0.8843362362977699
2024-07-22 14:54:39 - Training ROC AUC Score: 0.8998837430912028
2024-07-22 14:54:39 - outliers feateng Validation ROC AUC Score: 0.8862847065601871
2024-07-22 14:56:12 - Training ROC AUC Score: 0.8992867155594972
2024-07-22 14:56:12 - outliers feateng2 Validation ROC AUC Score: 0.8864422971344035
2024-07-22 14:57:20 - Training ROC AUC Score: 0.894071999058425
2024-07-22 14:57:20 - Outliers FeatEng3 Validation ROC AUC Score: 0.8800425790760178
2024-07-22 14:58:48 - Training ROC AUC Score: 0.899254582790555
2024-07-22 14:58:48 - Outliers FeatEng3 Validation ROC AUC Score: 0.8864491188566013
2024-07-22 15:00:14 - Training ROC AUC Score: 0.9004028410933992
2024-07-22 15:00:14 - Outliers no FeatEng Validation ROC AUC Score: 0.886632301573973
2024-07-22 15:06:19 - Training ROC AUC Score: 0.883430976127955
2024-07-22 15:06:19 - Outliers Only most important features Validation ROC AUC Score: 0.8653878971267749
2024-07-22 15:07:54 - Training ROC AUC Score: 0.8976031018568661
2024-07-22 15:07:54 - Outliers Only most important features keep prev ins Validation ROC AUC Score: 0.8852036550732971
2024-07-22 15:12:29 - Training ROC AUC Score: 0.8872045306774634
2024-07-22 15:12:29 - Outliers no vintage Validation ROC AUC Score: 0.8747761481916264
2024-07-22 15:15:30 - Training ROC AUC Score: 0.9256185443309831
2024-07-22 15:15:30 - Outliers borrow feateng ROC AUC Score: 0.8911120885377759
2024-07-22 15:17:49 - Training ROC AUC Score: 0.9159981325869013
2024-07-22 15:17:49 - Outliers borrow feateng and borrowed 1 ROC AUC Score: 0.890519242783689
2024-07-22 15:22:45 - Training ROC AUC Score: 0.9160592831235369
2024-07-22 15:22:45 - Outliers custom interactions ROC AUC Score: 0.8895095051322216
2024-07-22 15:23:40 - Training ROC AUC Score: 0.9164635099895243
2024-07-22 15:23:40 - outliers only custom Validation ROC AUC Score: 0.8902498390814235
2024-07-22 15:27:38 - Training ROC AUC Score: 0.9256185443309831
2024-07-22 15:27:38 - Outliers only borrowed ROC AUC Score: 0.8911120885377759
2024-07-22 15:33:25 - Training ROC AUC Score: 0.9075114050117752
2024-07-22 15:33:25 - no Outliers only borrowed ROC AUC Score: 0.8827308653843242
2024-07-22 18:25:01 - Training ROC AUC Score: 0.9256185443309831
2024-07-22 18:25:01 - ROC AUC Score: 0.8911120885377759
