2024-07-23 22:11:39,857 - INFO - Start memory usage of dataframe: 1053.30 MB
2024-07-23 22:11:45,325 - WARNING - Column Region_Code has changed: {'min': 0.0, 'max': 52.0, 'mean': 26.41868976752134, 'unique': 54} != {'min': 0.0, 'max': 52.0, 'mean': 26.418718, 'unique': 54}
2024-07-23 22:11:45,326 - WARNING - Column Annual_Premium has changed: {'min': 2630.0, 'max': 540165.0, 'mean': 30461.370410588694, 'unique': 51728} != {'min': 2630.0, 'max': 540165.0, 'mean': 30461.36, 'unique': 51728}
2024-07-23 22:11:45,326 - WARNING - Column Policy_Sales_Channel has changed: {'min': 1.0, 'max': 163.0, 'mean': 112.42544188954903, 'unique': 152} != {'min': 1.0, 'max': 163.0, 'mean': 112.42544, 'unique': 152}
2024-07-23 22:11:45,328 - INFO - Column Age precision loss: 0.000000%
2024-07-23 22:11:45,328 - INFO - Column Driving_License precision loss: 0.000000%
2024-07-23 22:11:45,329 - INFO - Column Region_Code precision loss: 0.000108%
2024-07-23 22:11:45,329 - INFO - Column Previously_Insured precision loss: 0.000000%
2024-07-23 22:11:45,329 - INFO - Column Annual_Premium precision loss: 0.000036%
2024-07-23 22:11:45,330 - INFO - Column Policy_Sales_Channel precision loss: 0.000004%
2024-07-23 22:11:45,330 - INFO - Column Vintage precision loss: 0.000000%
2024-07-23 22:11:45,331 - INFO - Column Response precision loss: 0.000000%
2024-07-23 22:11:45,332 - INFO - End memory usage of dataframe: 318.18 MB
2024-07-23 22:11:45,333 - INFO - Decreased by 69.8%
2024-07-23 22:11:56,484 - INFO - Start memory usage of dataframe: 643.68 MB
2024-07-23 22:12:00,258 - WARNING - Column Region_Code has changed: {'min': 0.0, 'max': 52.0, 'mean': 26.42661358099346, 'unique': 53} != {'min': 0.0, 'max': 52.0, 'mean': 26.426613, 'unique': 53}
2024-07-23 22:12:00,259 - WARNING - Column Annual_Premium has changed: {'min': 2630.0, 'max': 540165.0, 'mean': 30465.52566837543, 'unique': 50044} != {'min': 2630.0, 'max': 540165.0, 'mean': 30465.523, 'unique': 50044}
2024-07-23 22:12:00,259 - WARNING - Column Policy_Sales_Channel has changed: {'min': 1.0, 'max': 163.0, 'mean': 112.36499203506294, 'unique': 151} != {'min': 1.0, 'max': 163.0, 'mean': 112.36501, 'unique': 151}
2024-07-23 22:12:00,260 - INFO - Column Age precision loss: 0.000000%
2024-07-23 22:12:00,260 - INFO - Column Driving_License precision loss: 0.000000%
2024-07-23 22:12:00,261 - INFO - Column Region_Code precision loss: 0.000003%
2024-07-23 22:12:00,261 - INFO - Column Previously_Insured precision loss: 0.000000%
2024-07-23 22:12:00,262 - INFO - Column Annual_Premium precision loss: 0.000007%
2024-07-23 22:12:00,262 - INFO - Column Policy_Sales_Channel precision loss: 0.000019%
2024-07-23 22:12:00,263 - INFO - Column Vintage precision loss: 0.000000%
2024-07-23 22:12:00,264 - INFO - End memory usage of dataframe: 204.81 MB
2024-07-23 22:12:00,264 - INFO - Decreased by 68.2%
2024-07-23 22:12:01,580 - INFO - Data loaded successfully.
2024-07-23 22:12:01,603 - INFO - Data preprocessed successfully.
2024-07-23 22:12:02,053 - INFO - Feature engineering completed successfully.
