2024-07-26 23:53:18,557 - INFO - Start memory usage of dataframe: 1053.30 MB
2024-07-26 23:53:20,147 - INFO - End memory usage of dataframe: 318.18 MB
2024-07-26 23:53:20,147 - INFO - Decreased by 69.8%
2024-07-26 23:53:20,148 - INFO - Data loaded and memory optimized from C:\Users\paulo\OneDrive\Documents\kaggle_competition_2_datasets\train.csv
2024-07-26 23:53:20,684 - INFO - Data loaded successfully.
2024-07-26 23:53:20,701 - INFO - Data split into training and validation sets.
2024-07-26 23:53:20,925 - INFO - Feature engineering completed.
2024-07-26 23:53:20,933 - INFO - X_train info:
<class 'pandas.core.frame.DataFrame'>
Index: 46019 entries, 9747329 to 10819681
Data columns (total 24 columns):
 #   Column                                     Non-Null Count  Dtype   
---  ------                                     --------------  -----   
 0   Gender                                     46019 non-null  category
 1   Age                                        46019 non-null  int8    
 2   Driving_License                            46019 non-null  int8    
 3   Region_Code                                46019 non-null  float32 
 4   Previously_Insured                         46019 non-null  int32   
 5   Vehicle_Age                                46019 non-null  int8    
 6   Vehicle_Damage                             46019 non-null  int8    
 7   Annual_Premium                             46019 non-null  float32 
 8   Policy_Sales_Channel                       46019 non-null  float32 
 9   Vintage                                    46019 non-null  int16   
 10  age_bins                                   46019 non-null  category
 11  Age_Type                                   46019 non-null  int8    
 12  Age_x_Vehicle_Age                          46019 non-null  int8    
 13  Age_x_Vehicle_Damage                       46019 non-null  int8    
 14  Age_x_Previously_Insured                   46019 non-null  int32   
 15  Previously_Insured_x_Policy_Sales_Channel  46019 non-null  int64   
 16  Previously_Insured_x_Vehicle_Damage        46019 non-null  int64   
 17  Previously_Insured_x_Annual_Premium        46019 non-null  int64   
 18  Previously_Insured_x_Vintage               46019 non-null  int64   
 19  Previously_Insured_x_Age_Type              46019 non-null  int64   
 20  Policy_Sales_Channel_x_Vehicle_Damage      46019 non-null  int64   
 21  Policy_Sales_Channel_x_Annual_Premium      46019 non-null  int64   
 22  Policy_Sales_Channel_x_Vintage             46019 non-null  int64   
 23  Policy_Sales_Channel_x_Age_Type            46019 non-null  int64   
dtypes: category(2), float32(3), int16(1), int32(2), int64(9), int8(7)
memory usage: 4.9 MB

2024-07-26 23:53:20,997 - INFO - Feature engineering completed.
2024-07-26 23:53:21,002 - INFO - X_valid info:
<class 'pandas.core.frame.DataFrame'>
Index: 11505 entries, 11101817 to 11399847
Data columns (total 24 columns):
 #   Column                                     Non-Null Count  Dtype   
---  ------                                     --------------  -----   
 0   Gender                                     11505 non-null  category
 1   Age                                        11505 non-null  int8    
 2   Driving_License                            11505 non-null  int8    
 3   Region_Code                                11505 non-null  float32 
 4   Previously_Insured                         11505 non-null  int32   
 5   Vehicle_Age                                11505 non-null  int8    
 6   Vehicle_Damage                             11505 non-null  int8    
 7   Annual_Premium                             11505 non-null  float32 
 8   Policy_Sales_Channel                       11505 non-null  float32 
 9   Vintage                                    11505 non-null  int16   
 10  age_bins                                   11505 non-null  category
 11  Age_Type                                   11505 non-null  int8    
 12  Age_x_Vehicle_Age                          11505 non-null  int8    
 13  Age_x_Vehicle_Damage                       11505 non-null  int8    
 14  Age_x_Previously_Insured                   11505 non-null  int32   
 15  Previously_Insured_x_Policy_Sales_Channel  11505 non-null  int64   
 16  Previously_Insured_x_Vehicle_Damage        11505 non-null  int64   
 17  Previously_Insured_x_Annual_Premium        11505 non-null  int64   
 18  Previously_Insured_x_Vintage               11505 non-null  int64   
 19  Previously_Insured_x_Age_Type              11505 non-null  int64   
 20  Policy_Sales_Channel_x_Vehicle_Damage      11505 non-null  int64   
 21  Policy_Sales_Channel_x_Annual_Premium      11505 non-null  int64   
 22  Policy_Sales_Channel_x_Vintage             11505 non-null  int64   
 23  Policy_Sales_Channel_x_Age_Type            11505 non-null  int64   
dtypes: category(2), float32(3), int16(1), int32(2), int64(9), int8(7)
memory usage: 1.2 MB

2024-07-26 23:53:21,008 - INFO - X_train before transformation info:
<class 'pandas.core.frame.DataFrame'>
Index: 46019 entries, 9747329 to 10819681
Data columns (total 24 columns):
 #   Column                                     Non-Null Count  Dtype   
---  ------                                     --------------  -----   
 0   Gender                                     46019 non-null  category
 1   Age                                        46019 non-null  int8    
 2   Driving_License                            46019 non-null  int8    
 3   Region_Code                                46019 non-null  float32 
 4   Previously_Insured                         46019 non-null  int32   
 5   Vehicle_Age                                46019 non-null  int8    
 6   Vehicle_Damage                             46019 non-null  int8    
 7   Annual_Premium                             46019 non-null  float32 
 8   Policy_Sales_Channel                       46019 non-null  float32 
 9   Vintage                                    46019 non-null  int16   
 10  age_bins                                   46019 non-null  category
 11  Age_Type                                   46019 non-null  int8    
 12  Age_x_Vehicle_Age                          46019 non-null  int8    
 13  Age_x_Vehicle_Damage                       46019 non-null  int8    
 14  Age_x_Previously_Insured                   46019 non-null  int32   
 15  Previously_Insured_x_Policy_Sales_Channel  46019 non-null  int64   
 16  Previously_Insured_x_Vehicle_Damage        46019 non-null  int64   
 17  Previously_Insured_x_Annual_Premium        46019 non-null  int64   
 18  Previously_Insured_x_Vintage               46019 non-null  int64   
 19  Previously_Insured_x_Age_Type              46019 non-null  int64   
 20  Policy_Sales_Channel_x_Vehicle_Damage      46019 non-null  int64   
 21  Policy_Sales_Channel_x_Annual_Premium      46019 non-null  int64   
 22  Policy_Sales_Channel_x_Vintage             46019 non-null  int64   
 23  Policy_Sales_Channel_x_Age_Type            46019 non-null  int64   
dtypes: category(2), float32(3), int16(1), int32(2), int64(9), int8(7)
memory usage: 4.9 MB

2024-07-26 23:53:21,013 - INFO - X_valid before transformation info:
<class 'pandas.core.frame.DataFrame'>
Index: 11505 entries, 11101817 to 11399847
Data columns (total 24 columns):
 #   Column                                     Non-Null Count  Dtype   
---  ------                                     --------------  -----   
 0   Gender                                     11505 non-null  category
 1   Age                                        11505 non-null  int8    
 2   Driving_License                            11505 non-null  int8    
 3   Region_Code                                11505 non-null  float32 
 4   Previously_Insured                         11505 non-null  int32   
 5   Vehicle_Age                                11505 non-null  int8    
 6   Vehicle_Damage                             11505 non-null  int8    
 7   Annual_Premium                             11505 non-null  float32 
 8   Policy_Sales_Channel                       11505 non-null  float32 
 9   Vintage                                    11505 non-null  int16   
 10  age_bins                                   11505 non-null  category
 11  Age_Type                                   11505 non-null  int8    
 12  Age_x_Vehicle_Age                          11505 non-null  int8    
 13  Age_x_Vehicle_Damage                       11505 non-null  int8    
 14  Age_x_Previously_Insured                   11505 non-null  int32   
 15  Previously_Insured_x_Policy_Sales_Channel  11505 non-null  int64   
 16  Previously_Insured_x_Vehicle_Damage        11505 non-null  int64   
 17  Previously_Insured_x_Annual_Premium        11505 non-null  int64   
 18  Previously_Insured_x_Vintage               11505 non-null  int64   
 19  Previously_Insured_x_Age_Type              11505 non-null  int64   
 20  Policy_Sales_Channel_x_Vehicle_Damage      11505 non-null  int64   
 21  Policy_Sales_Channel_x_Annual_Premium      11505 non-null  int64   
 22  Policy_Sales_Channel_x_Vintage             11505 non-null  int64   
 23  Policy_Sales_Channel_x_Age_Type            11505 non-null  int64   
dtypes: category(2), float32(3), int16(1), int32(2), int64(9), int8(7)
memory usage: 1.2 MB

2024-07-26 23:53:21,185 - INFO - X_train_trans info:
<class 'pandas.core.frame.DataFrame'>
RangeIndex: 46019 entries, 0 to 46018
Data columns (total 26 columns):
 #   Column                                                 Non-Null Count  Dtype                   
---  ------                                                 --------------  -----                   
 0   cat__Gender_Female                                     46019 non-null  object                  
 1   cat__Gender_Male                                       46019 non-null  object                  
 2   cat__Vehicle_Damage_0                                  46019 non-null  object                  
 3   cat__Vehicle_Damage_1                                  46019 non-null  object                  
 4   minmax__Age                                            46019 non-null  object                  
 5   minmax__Region_Code                                    46019 non-null  object                  
 6   minmax__Previously_Insured                             46019 non-null  object                  
 7   minmax__Policy_Sales_Channel                           46019 non-null  object                  
 8   minmax__Vintage                                        46019 non-null  object                  
 9   ordinal__Vehicle_Age                                   46019 non-null  object                  
 10  robust__Annual_Premium                                 46019 non-null  object                  
 11  standard__Age_Type                                     46019 non-null  object                  
 12  standard__Age_x_Vehicle_Age                            46019 non-null  object                  
 13  standard__Age_x_Vehicle_Damage                         46019 non-null  object                  
 14  standard__Age_x_Previously_Insured                     46019 non-null  object                  
 15  standard_2__Previously_Insured_x_Policy_Sales_Channel  46019 non-null  object                  
 16  standard_2__Previously_Insured_x_Vehicle_Damage        46019 non-null  object                  
 17  standard_2__Previously_Insured_x_Annual_Premium        46019 non-null  object                  
 18  standard_2__Previously_Insured_x_Vintage               46019 non-null  object                  
 19  standard_2__Previously_Insured_x_Age_Type              46019 non-null  object                  
 20  standard_2__Policy_Sales_Channel_x_Vehicle_Damage      46019 non-null  object                  
 21  standard_2__Policy_Sales_Channel_x_Annual_Premium      46019 non-null  object                  
 22  standard_2__Policy_Sales_Channel_x_Vintage             46019 non-null  object                  
 23  standard_2__Policy_Sales_Channel_x_Age_Type            46019 non-null  object                  
 24  remainder__Driving_License                             46019 non-null  object                  
 25  remainder__age_bins                                    46019 non-null  interval[float64, right]
dtypes: interval(1), object(25)
memory usage: 9.5+ MB

2024-07-26 23:53:21,236 - INFO - X_valid_trans info:
<class 'pandas.core.frame.DataFrame'>
RangeIndex: 11505 entries, 0 to 11504
Data columns (total 26 columns):
 #   Column                                                 Non-Null Count  Dtype                   
---  ------                                                 --------------  -----                   
 0   cat__Gender_Female                                     11505 non-null  object                  
 1   cat__Gender_Male                                       11505 non-null  object                  
 2   cat__Vehicle_Damage_0                                  11505 non-null  object                  
 3   cat__Vehicle_Damage_1                                  11505 non-null  object                  
 4   minmax__Age                                            11505 non-null  object                  
 5   minmax__Region_Code                                    11505 non-null  object                  
 6   minmax__Previously_Insured                             11505 non-null  object                  
 7   minmax__Policy_Sales_Channel                           11505 non-null  object                  
 8   minmax__Vintage                                        11505 non-null  object                  
 9   ordinal__Vehicle_Age                                   11505 non-null  object                  
 10  robust__Annual_Premium                                 11505 non-null  object                  
 11  standard__Age_Type                                     11505 non-null  object                  
 12  standard__Age_x_Vehicle_Age                            11505 non-null  object                  
 13  standard__Age_x_Vehicle_Damage                         11505 non-null  object                  
 14  standard__Age_x_Previously_Insured                     11505 non-null  object                  
 15  standard_2__Previously_Insured_x_Policy_Sales_Channel  11505 non-null  object                  
 16  standard_2__Previously_Insured_x_Vehicle_Damage        11505 non-null  object                  
 17  standard_2__Previously_Insured_x_Annual_Premium        11505 non-null  object                  
 18  standard_2__Previously_Insured_x_Vintage               11505 non-null  object                  
 19  standard_2__Previously_Insured_x_Age_Type              11505 non-null  object                  
 20  standard_2__Policy_Sales_Channel_x_Vehicle_Damage      11505 non-null  object                  
 21  standard_2__Policy_Sales_Channel_x_Annual_Premium      11505 non-null  object                  
 22  standard_2__Policy_Sales_Channel_x_Vintage             11505 non-null  object                  
 23  standard_2__Policy_Sales_Channel_x_Age_Type            11505 non-null  object                  
 24  remainder__Driving_License                             11505 non-null  object                  
 25  remainder__age_bins                                    11505 non-null  interval[float64, right]
dtypes: interval(1), object(25)
memory usage: 2.4+ MB

2024-07-26 23:53:21,330 - INFO - Start memory usage of dataframe: 9.48 MB
2024-07-26 23:53:21,469 - INFO - End memory usage of dataframe: 4.95 MB
2024-07-26 23:53:21,469 - INFO - Decreased by 47.8%
2024-07-26 23:53:21,476 - INFO - X_train_trans_df after memory reduction info:
<class 'pandas.core.frame.DataFrame'>
RangeIndex: 46019 entries, 0 to 46018
Data columns (total 26 columns):
 #   Column                                                 Non-Null Count  Dtype                   
---  ------                                                 --------------  -----                   
 0   cat__Gender_Female                                     46019 non-null  category                
 1   cat__Gender_Male                                       46019 non-null  category                
 2   cat__Vehicle_Damage_0                                  46019 non-null  category                
 3   cat__Vehicle_Damage_1                                  46019 non-null  category                
 4   minmax__Age                                            46019 non-null  category                
 5   minmax__Region_Code                                    46019 non-null  category                
 6   minmax__Previously_Insured                             46019 non-null  category                
 7   minmax__Policy_Sales_Channel                           46019 non-null  category                
 8   minmax__Vintage                                        46019 non-null  category                
 9   ordinal__Vehicle_Age                                   46019 non-null  category                
 10  robust__Annual_Premium                                 46019 non-null  category                
 11  standard__Age_Type                                     46019 non-null  category                
 12  standard__Age_x_Vehicle_Age                            46019 non-null  category                
 13  standard__Age_x_Vehicle_Damage                         46019 non-null  category                
 14  standard__Age_x_Previously_Insured                     46019 non-null  category                
 15  standard_2__Previously_Insured_x_Policy_Sales_Channel  46019 non-null  category                
 16  standard_2__Previously_Insured_x_Vehicle_Damage        46019 non-null  category                
 17  standard_2__Previously_Insured_x_Annual_Premium        46019 non-null  category                
 18  standard_2__Previously_Insured_x_Vintage               46019 non-null  category                
 19  standard_2__Previously_Insured_x_Age_Type              46019 non-null  category                
 20  standard_2__Policy_Sales_Channel_x_Vehicle_Damage      46019 non-null  category                
 21  standard_2__Policy_Sales_Channel_x_Annual_Premium      46019 non-null  category                
 22  standard_2__Policy_Sales_Channel_x_Vintage             46019 non-null  category                
 23  standard_2__Policy_Sales_Channel_x_Age_Type            46019 non-null  category                
 24  remainder__Driving_License                             46019 non-null  category                
 25  remainder__age_bins                                    46019 non-null  interval[float64, right]
dtypes: category(25), interval(1)
memory usage: 4.9 MB

2024-07-26 23:53:21,478 - INFO - Start memory usage of dataframe: 2.37 MB
2024-07-26 23:53:21,520 - INFO - End memory usage of dataframe: 1.63 MB
2024-07-26 23:53:21,521 - INFO - Decreased by 31.4%
2024-07-26 23:53:21,527 - INFO - X_valid_trans_df after memory reduction info:
<class 'pandas.core.frame.DataFrame'>
RangeIndex: 11505 entries, 0 to 11504
Data columns (total 26 columns):
 #   Column                                                 Non-Null Count  Dtype                   
---  ------                                                 --------------  -----                   
 0   cat__Gender_Female                                     11505 non-null  category                
 1   cat__Gender_Male                                       11505 non-null  category                
 2   cat__Vehicle_Damage_0                                  11505 non-null  category                
 3   cat__Vehicle_Damage_1                                  11505 non-null  category                
 4   minmax__Age                                            11505 non-null  category                
 5   minmax__Region_Code                                    11505 non-null  category                
 6   minmax__Previously_Insured                             11505 non-null  category                
 7   minmax__Policy_Sales_Channel                           11505 non-null  category                
 8   minmax__Vintage                                        11505 non-null  category                
 9   ordinal__Vehicle_Age                                   11505 non-null  category                
 10  robust__Annual_Premium                                 11505 non-null  category                
 11  standard__Age_Type                                     11505 non-null  category                
 12  standard__Age_x_Vehicle_Age                            11505 non-null  category                
 13  standard__Age_x_Vehicle_Damage                         11505 non-null  category                
 14  standard__Age_x_Previously_Insured                     11505 non-null  category                
 15  standard_2__Previously_Insured_x_Policy_Sales_Channel  11505 non-null  category                
 16  standard_2__Previously_Insured_x_Vehicle_Damage        11505 non-null  category                
 17  standard_2__Previously_Insured_x_Annual_Premium        11505 non-null  category                
 18  standard_2__Previously_Insured_x_Vintage               11505 non-null  category                
 19  standard_2__Previously_Insured_x_Age_Type              11505 non-null  category                
 20  standard_2__Policy_Sales_Channel_x_Vehicle_Damage      11505 non-null  category                
 21  standard_2__Policy_Sales_Channel_x_Annual_Premium      11505 non-null  category                
 22  standard_2__Policy_Sales_Channel_x_Vintage             11505 non-null  category                
 23  standard_2__Policy_Sales_Channel_x_Age_Type            11505 non-null  category                
 24  remainder__Driving_License                             11505 non-null  category                
 25  remainder__age_bins                                    11505 non-null  interval[float64, right]
dtypes: category(25), interval(1)
memory usage: 1.6 MB

2024-07-26 23:53:21,717 - INFO - X_train_trans_df ensure_numeric info:
<class 'pandas.core.frame.DataFrame'>
RangeIndex: 46019 entries, 0 to 46018
Data columns (total 26 columns):
 #   Column                                                 Non-Null Count  Dtype  
---  ------                                                 --------------  -----  
 0   cat__Gender_Female                                     46019 non-null  float64
 1   cat__Gender_Male                                       46019 non-null  float64
 2   cat__Vehicle_Damage_0                                  46019 non-null  float64
 3   cat__Vehicle_Damage_1                                  46019 non-null  float64
 4   minmax__Age                                            46019 non-null  float64
 5   minmax__Region_Code                                    46019 non-null  float64
 6   minmax__Previously_Insured                             46019 non-null  float64
 7   minmax__Policy_Sales_Channel                           46019 non-null  float64
 8   minmax__Vintage                                        46019 non-null  float64
 9   ordinal__Vehicle_Age                                   46019 non-null  float64
 10  robust__Annual_Premium                                 46019 non-null  float64
 11  standard__Age_Type                                     46019 non-null  float64
 12  standard__Age_x_Vehicle_Age                            46019 non-null  float64
 13  standard__Age_x_Vehicle_Damage                         46019 non-null  float64
 14  standard__Age_x_Previously_Insured                     46019 non-null  float64
 15  standard_2__Previously_Insured_x_Policy_Sales_Channel  46019 non-null  float64
 16  standard_2__Previously_Insured_x_Vehicle_Damage        46019 non-null  float64
 17  standard_2__Previously_Insured_x_Annual_Premium        46019 non-null  float64
 18  standard_2__Previously_Insured_x_Vintage               46019 non-null  float64
 19  standard_2__Previously_Insured_x_Age_Type              46019 non-null  float64
 20  standard_2__Policy_Sales_Channel_x_Vehicle_Damage      46019 non-null  float64
 21  standard_2__Policy_Sales_Channel_x_Annual_Premium      46019 non-null  float64
 22  standard_2__Policy_Sales_Channel_x_Vintage             46019 non-null  float64
 23  standard_2__Policy_Sales_Channel_x_Age_Type            46019 non-null  float64
 24  remainder__Driving_License                             46019 non-null  int64  
 25  remainder__age_bins                                    0 non-null      float64
dtypes: float64(25), int64(1)
memory usage: 9.1 MB

2024-07-26 23:53:21,771 - INFO - X_valid_trans_df ensure_numeric info:
<class 'pandas.core.frame.DataFrame'>
RangeIndex: 11505 entries, 0 to 11504
Data columns (total 26 columns):
 #   Column                                                 Non-Null Count  Dtype  
---  ------                                                 --------------  -----  
 0   cat__Gender_Female                                     11505 non-null  float64
 1   cat__Gender_Male                                       11505 non-null  float64
 2   cat__Vehicle_Damage_0                                  11505 non-null  float64
 3   cat__Vehicle_Damage_1                                  11505 non-null  float64
 4   minmax__Age                                            11505 non-null  float64
 5   minmax__Region_Code                                    11505 non-null  float64
 6   minmax__Previously_Insured                             11505 non-null  float64
 7   minmax__Policy_Sales_Channel                           11505 non-null  float64
 8   minmax__Vintage                                        11505 non-null  float64
 9   ordinal__Vehicle_Age                                   11505 non-null  float64
 10  robust__Annual_Premium                                 11505 non-null  float64
 11  standard__Age_Type                                     11505 non-null  float64
 12  standard__Age_x_Vehicle_Age                            11505 non-null  float64
 13  standard__Age_x_Vehicle_Damage                         11505 non-null  float64
 14  standard__Age_x_Previously_Insured                     11505 non-null  float64
 15  standard_2__Previously_Insured_x_Policy_Sales_Channel  11505 non-null  float64
 16  standard_2__Previously_Insured_x_Vehicle_Damage        11505 non-null  float64
 17  standard_2__Previously_Insured_x_Annual_Premium        11505 non-null  float64
 18  standard_2__Previously_Insured_x_Vintage               11505 non-null  float64
 19  standard_2__Previously_Insured_x_Age_Type              11505 non-null  float64
 20  standard_2__Policy_Sales_Channel_x_Vehicle_Damage      11505 non-null  float64
 21  standard_2__Policy_Sales_Channel_x_Annual_Premium      11505 non-null  float64
 22  standard_2__Policy_Sales_Channel_x_Vintage             11505 non-null  float64
 23  standard_2__Policy_Sales_Channel_x_Age_Type            11505 non-null  float64
 24  remainder__Driving_License                             11505 non-null  int64  
 25  remainder__age_bins                                    0 non-null      float64
dtypes: float64(25), int64(1)
memory usage: 2.3 MB

2024-07-26 23:53:21,772 - INFO - Exploring Transformed Training DataFrame:
2024-07-26 23:53:21,772 - INFO - Transformed Training shape: (46019, 26)
2024-07-26 23:53:21,775 - INFO - Transformed Training info:
2024-07-26 23:53:21,779 - INFO - <class 'pandas.core.frame.DataFrame'>
RangeIndex: 46019 entries, 0 to 46018
Data columns (total 26 columns):
 #   Column                                                 Non-Null Count  Dtype  
---  ------                                                 --------------  -----  
 0   cat__Gender_Female                                     46019 non-null  float64
 1   cat__Gender_Male                                       46019 non-null  float64
 2   cat__Vehicle_Damage_0                                  46019 non-null  float64
 3   cat__Vehicle_Damage_1                                  46019 non-null  float64
 4   minmax__Age                                            46019 non-null  float64
 5   minmax__Region_Code                                    46019 non-null  float64
 6   minmax__Previously_Insured                             46019 non-null  float64
 7   minmax__Policy_Sales_Channel                           46019 non-null  float64
 8   minmax__Vintage                                        46019 non-null  float64
 9   ordinal__Vehicle_Age                                   46019 non-null  float64
 10  robust__Annual_Premium                                 46019 non-null  float64
 11  standard__Age_Type                                     46019 non-null  float64
 12  standard__Age_x_Vehicle_Age                            46019 non-null  float64
 13  standard__Age_x_Vehicle_Damage                         46019 non-null  float64
 14  standard__Age_x_Previously_Insured                     46019 non-null  float64
 15  standard_2__Previously_Insured_x_Policy_Sales_Channel  46019 non-null  float64
 16  standard_2__Previously_Insured_x_Vehicle_Damage        46019 non-null  float64
 17  standard_2__Previously_Insured_x_Annual_Premium        46019 non-null  float64
 18  standard_2__Previously_Insured_x_Vintage               46019 non-null  float64
 19  standard_2__Previously_Insured_x_Age_Type              46019 non-null  float64
 20  standard_2__Policy_Sales_Channel_x_Vehicle_Damage      46019 non-null  float64
 21  standard_2__Policy_Sales_Channel_x_Annual_Premium      46019 non-null  float64
 22  standard_2__Policy_Sales_Channel_x_Vintage             46019 non-null  float64
 23  standard_2__Policy_Sales_Channel_x_Age_Type            46019 non-null  float64
 24  remainder__Driving_License                             46019 non-null  int64  
 25  remainder__age_bins                                    0 non-null      float64
dtypes: float64(25), int64(1)
memory usage: 9.1 MB

2024-07-26 23:53:21,780 - INFO - Transformed Training summary statistics:
2024-07-26 23:53:21,835 - INFO - Exploring Transformed Validation DataFrame:
2024-07-26 23:53:21,836 - INFO - Transformed Validation shape: (11505, 26)
2024-07-26 23:53:21,837 - INFO - Transformed Validation info:
2024-07-26 23:53:21,840 - INFO - <class 'pandas.core.frame.DataFrame'>
RangeIndex: 11505 entries, 0 to 11504
Data columns (total 26 columns):
 #   Column                                                 Non-Null Count  Dtype  
---  ------                                                 --------------  -----  
 0   cat__Gender_Female                                     11505 non-null  float64
 1   cat__Gender_Male                                       11505 non-null  float64
 2   cat__Vehicle_Damage_0                                  11505 non-null  float64
 3   cat__Vehicle_Damage_1                                  11505 non-null  float64
 4   minmax__Age                                            11505 non-null  float64
 5   minmax__Region_Code                                    11505 non-null  float64
 6   minmax__Previously_Insured                             11505 non-null  float64
 7   minmax__Policy_Sales_Channel                           11505 non-null  float64
 8   minmax__Vintage                                        11505 non-null  float64
 9   ordinal__Vehicle_Age                                   11505 non-null  float64
 10  robust__Annual_Premium                                 11505 non-null  float64
 11  standard__Age_Type                                     11505 non-null  float64
 12  standard__Age_x_Vehicle_Age                            11505 non-null  float64
 13  standard__Age_x_Vehicle_Damage                         11505 non-null  float64
 14  standard__Age_x_Previously_Insured                     11505 non-null  float64
 15  standard_2__Previously_Insured_x_Policy_Sales_Channel  11505 non-null  float64
 16  standard_2__Previously_Insured_x_Vehicle_Damage        11505 non-null  float64
 17  standard_2__Previously_Insured_x_Annual_Premium        11505 non-null  float64
 18  standard_2__Previously_Insured_x_Vintage               11505 non-null  float64
 19  standard_2__Previously_Insured_x_Age_Type              11505 non-null  float64
 20  standard_2__Policy_Sales_Channel_x_Vehicle_Damage      11505 non-null  float64
 21  standard_2__Policy_Sales_Channel_x_Annual_Premium      11505 non-null  float64
 22  standard_2__Policy_Sales_Channel_x_Vintage             11505 non-null  float64
 23  standard_2__Policy_Sales_Channel_x_Age_Type            11505 non-null  float64
 24  remainder__Driving_License                             11505 non-null  int64  
 25  remainder__age_bins                                    0 non-null      float64
dtypes: float64(25), int64(1)
memory usage: 2.3 MB

2024-07-26 23:53:21,840 - INFO - Transformed Validation summary statistics:
