2024-07-11 00:01:33,140 - INFO - Loading datasets...
2024-07-11 00:01:48,632 - INFO - Datasets loaded successfully.
2024-07-11 00:01:48,632 - INFO - Train dataset shape: (11504798, 11)
2024-07-11 00:01:48,632 - INFO - Test dataset shape: (7669866, 10)
2024-07-11 00:01:48,632 - INFO - Sampling 40% of the training data...
2024-07-11 00:01:51,741 - INFO - Train sample shape: (4601919, 11)
2024-07-11 00:01:51,741 - INFO - Test sample shape: (7669866, 10)
2024-07-11 00:01:58,189 - INFO - Missing values handled.
2024-07-11 00:02:03,048 - INFO - Categorical variables encoded.
2024-07-11 00:02:37,920 - INFO - Processed data saved.
2024-07-11 00:02:39,068 - INFO - Training LightGBM base model...
2024-07-11 00:06:11,567 - INFO - Validation ROC AUC Score: 0.879134678883174
2024-07-11 00:06:11,567 - INFO - Validation Precision: 0.5775106082036775
2024-07-11 00:06:11,567 - INFO - Validation Recall: 0.108089266962576
2024-07-11 00:06:11,567 - INFO - Validation F1 Score: 0.18209658596775513
2024-07-11 00:06:11,568 - INFO - Validation Confusion Matrix: 
[[798100   8961]
 [101074  12249]]
2024-07-11 00:06:44,481 - INFO - Final predictions saved to test_predictions_lgb_base.csv
2024-07-11 00:06:44,705 - INFO - LightGBM feature importances plot saved.
