2024-07-23 12:45:35,696 - INFO - Data loaded successfully.
2024-07-23 12:45:35,696 - INFO - Original train dataset size: (11504798, 11)
2024-07-23 12:45:35,697 - INFO - Original test dataset size: (7669866, 10)
2024-07-23 12:45:35,698 - INFO - Train dataset columns:
Gender                   object
Age                       int64
Driving_License           int64
Region_Code             float64
Previously_Insured        int64
Vehicle_Age              object
Vehicle_Damage           object
Annual_Premium          float64
Policy_Sales_Channel    float64
Vintage                   int64
Response                  int64
dtype: object
2024-07-23 12:45:35,700 - INFO - Test dataset columns:
Gender                   object
Age                       int64
Driving_License           int64
Region_Code             float64
Previously_Insured        int64
Vehicle_Age              object
Vehicle_Damage           object
Annual_Premium          float64
Policy_Sales_Channel    float64
Vintage                   int64
dtype: object
2024-07-23 12:45:36,525 - INFO - Train dataset missing values:
Gender                  0
Age                     0
Driving_License         0
Region_Code             0
Previously_Insured      0
Vehicle_Age             0
Vehicle_Damage          0
Annual_Premium          0
Policy_Sales_Channel    0
Vintage                 0
Response                0
dtype: int64
2024-07-23 12:45:37,051 - INFO - Test dataset missing values:
Gender                  0
Age                     0
Driving_License         0
Region_Code             0
Previously_Insured      0
Vehicle_Age             0
Vehicle_Damage          0
Annual_Premium          0
Policy_Sales_Channel    0
Vintage                 0
dtype: int64
2024-07-23 12:45:40,800 - INFO - Train dataset descriptive statistics:
          Gender           Age  Driving_License   Region_Code  \
count   11504798  1.150480e+07     1.150480e+07  1.150480e+07   
unique         2           NaN              NaN           NaN   
top         Male           NaN              NaN           NaN   
freq     6228134           NaN              NaN           NaN   
mean         NaN  3.838356e+01     9.980220e-01  2.641869e+01   
std          NaN  1.499346e+01     4.443120e-02  1.299159e+01   
min          NaN  2.000000e+01     0.000000e+00  0.000000e+00   
25%          NaN  2.400000e+01     1.000000e+00  1.500000e+01   
50%          NaN  3.600000e+01     1.000000e+00  2.800000e+01   
75%          NaN  4.900000e+01     1.000000e+00  3.500000e+01   
max          NaN  8.500000e+01     1.000000e+00  5.200000e+01   

        Previously_Insured Vehicle_Age Vehicle_Damage  Annual_Premium  \
count         1.150480e+07    11504798       11504798    1.150480e+07   
unique                 NaN           3              2             NaN   
top                    NaN    1-2 Year            Yes             NaN   
freq                   NaN     5982678        5783229             NaN   
mean          4.629966e-01         NaN            NaN    3.046137e+04   
std           4.986289e-01         NaN            NaN    1.645475e+04   
min           0.000000e+00         NaN            NaN    2.630000e+03   
25%           0.000000e+00         NaN            NaN    2.527700e+04   
50%           0.000000e+00         NaN            NaN    3.182400e+04   
75%           1.000000e+00         NaN            NaN    3.945100e+04   
max           1.000000e+00         NaN            NaN    5.401650e+05   

        Policy_Sales_Channel       Vintage      Response  
count           1.150480e+07  1.150480e+07  1.150480e+07  
unique                   NaN           NaN           NaN  
top                      NaN           NaN           NaN  
freq                     NaN           NaN           NaN  
mean            1.124254e+02  1.638977e+02  1.229973e-01  
std             5.403571e+01  7.997953e+01  3.284341e-01  
min             1.000000e+00  1.000000e+01  0.000000e+00  
25%             2.900000e+01  9.900000e+01  0.000000e+00  
50%             1.510000e+02  1.660000e+02  0.000000e+00  
75%             1.520000e+02  2.320000e+02  0.000000e+00  
max             1.630000e+02  2.990000e+02  1.000000e+00  
2024-07-23 12:45:43,231 - INFO - Test dataset descriptive statistics:
         Gender           Age  Driving_License   Region_Code  \
count   7669866  7.669866e+06     7.669866e+06  7.669866e+06   
unique        2           NaN              NaN           NaN   
top        Male           NaN              NaN           NaN   
freq    4151402           NaN              NaN           NaN   
mean        NaN  3.839137e+01     9.980208e-01  2.642661e+01   
std         NaN  1.499951e+01     4.444387e-02  1.299433e+01   
min         NaN  2.000000e+01     0.000000e+00  0.000000e+00   
25%         NaN  2.400000e+01     1.000000e+00  1.500000e+01   
50%         NaN  3.600000e+01     1.000000e+00  2.800000e+01   
75%         NaN  4.900000e+01     1.000000e+00  3.500000e+01   
max         NaN  8.500000e+01     1.000000e+00  5.200000e+01   

        Previously_Insured Vehicle_Age Vehicle_Damage  Annual_Premium  \
count         7.669866e+06     7669866        7669866    7.669866e+06   
unique                 NaN           3              2             NaN   
top                    NaN    1-2 Year            Yes             NaN   
freq                   NaN     3989276        3854463             NaN   
mean          4.630772e-01         NaN            NaN    3.046553e+04   
std           4.986349e-01         NaN            NaN    1.644586e+04   
min           0.000000e+00         NaN            NaN    2.630000e+03   
25%           0.000000e+00         NaN            NaN    2.528000e+04   
50%           0.000000e+00         NaN            NaN    3.182700e+04   
75%           1.000000e+00         NaN            NaN    3.946000e+04   
max           1.000000e+00         NaN            NaN    5.401650e+05   

        Policy_Sales_Channel       Vintage  
count           7.669866e+06  7.669866e+06  
unique                   NaN           NaN  
top                      NaN           NaN  
freq                     NaN           NaN  
mean            1.123650e+02  1.638996e+02  
std             5.407358e+01  7.998445e+01  
min             1.000000e+00  1.000000e+01  
25%             2.900000e+01  9.900000e+01  
50%             1.510000e+02  1.660000e+02  
75%             1.520000e+02  2.320000e+02  
max             1.630000e+02  2.990000e+02  
2024-07-23 12:45:45,874 - INFO - Data preprocessed successfully.
2024-07-23 12:45:45,874 - INFO - Preprocessed train dataset size: (11504798, 10)
2024-07-23 12:45:45,875 - INFO - Preprocessed test dataset size: (7669866, 9)
2024-07-23 12:45:45,876 - INFO - Preprocessed train dataset columns:
Gender                    int64
Age                       int64
Region_Code             float64
Previously_Insured        int64
Vehicle_Age               int64
Vehicle_Damage            int64
Annual_Premium          float64
Policy_Sales_Channel    float64
Vintage                   int64
Response                  int64
dtype: object
2024-07-23 12:45:45,878 - INFO - Preprocessed test dataset columns:
Gender                    int64
Age                       int64
Region_Code             float64
Previously_Insured        int64
Vehicle_Age               int64
Vehicle_Damage            int64
Annual_Premium          float64
Policy_Sales_Channel    float64
Vintage                   int64
dtype: object
2024-07-23 12:45:45,996 - INFO - Preprocessed train dataset missing values:
Gender                  0
Age                     0
Region_Code             0
Previously_Insured      0
Vehicle_Age             0
Vehicle_Damage          0
Annual_Premium          0
Policy_Sales_Channel    0
Vintage                 0
Response                0
dtype: int64
2024-07-23 12:45:46,063 - INFO - Preprocessed test dataset missing values:
Gender                  0
Age                     0
Region_Code             0
Previously_Insured      0
Vehicle_Age             0
Vehicle_Damage          0
Annual_Premium          0
Policy_Sales_Channel    0
Vintage                 0
dtype: int64
2024-07-23 12:45:47,973 - INFO - Preprocessed train dataset descriptive statistics:
             Gender           Age   Region_Code  Previously_Insured  \
count  1.150480e+07  1.150480e+07  1.150480e+07        1.150480e+07   
mean   5.413510e-01  3.838356e+01  2.641869e+01        4.629966e-01   
std    4.982872e-01  1.499346e+01  1.299159e+01        4.986289e-01   
min    0.000000e+00  2.000000e+01  0.000000e+00        0.000000e+00   
25%    0.000000e+00  2.400000e+01  1.500000e+01        0.000000e+00   
50%    1.000000e+00  3.600000e+01  2.800000e+01        0.000000e+00   
75%    1.000000e+00  4.900000e+01  3.500000e+01        1.000000e+00   
max    1.000000e+00  8.500000e+01  5.200000e+01        1.000000e+00   

        Vehicle_Age  Vehicle_Damage  Annual_Premium  Policy_Sales_Channel  \
count  1.150480e+07    1.150480e+07    1.150480e+07          1.150480e+07   
mean   6.031073e-01    5.026798e-01    3.046137e+04          1.124254e+02   
std    5.678559e-01    4.999928e-01    1.645475e+04          5.403571e+01   
min    0.000000e+00    0.000000e+00    2.630000e+03          1.000000e+00   
25%    0.000000e+00    0.000000e+00    2.527700e+04          2.900000e+01   
50%    1.000000e+00    1.000000e+00    3.182400e+04          1.510000e+02   
75%    1.000000e+00    1.000000e+00    3.945100e+04          1.520000e+02   
max    2.000000e+00    1.000000e+00    5.401650e+05          1.630000e+02   

            Vintage      Response  
count  1.150480e+07  1.150480e+07  
mean   1.638977e+02  1.229973e-01  
std    7.997953e+01  3.284341e-01  
min    1.000000e+01  0.000000e+00  
25%    9.900000e+01  0.000000e+00  
50%    1.660000e+02  0.000000e+00  
75%    2.320000e+02  0.000000e+00  
max    2.990000e+02  1.000000e+00  
2024-07-23 12:45:49,139 - INFO - Preprocessed test dataset descriptive statistics:
             Gender           Age   Region_Code  Previously_Insured  \
count  7.669866e+06  7.669866e+06  7.669866e+06        7.669866e+06   
mean   5.412613e-01  3.839137e+01  2.642661e+01        4.630772e-01   
std    4.982946e-01  1.499951e+01  1.299433e+01        4.986349e-01   
min    0.000000e+00  2.000000e+01  0.000000e+00        0.000000e+00   
25%    0.000000e+00  2.400000e+01  1.500000e+01        0.000000e+00   
50%    1.000000e+00  3.600000e+01  2.800000e+01        0.000000e+00   
75%    1.000000e+00  4.900000e+01  3.500000e+01        1.000000e+00   
max    1.000000e+00  8.500000e+01  5.200000e+01        1.000000e+00   

        Vehicle_Age  Vehicle_Damage  Annual_Premium  Policy_Sales_Channel  \
count  7.669866e+06    7.669866e+06    7.669866e+06          7.669866e+06   
mean   6.033933e-01    5.025463e-01    3.046553e+04          1.123650e+02   
std    5.679612e-01    4.999935e-01    1.644586e+04          5.407358e+01   
min    0.000000e+00    0.000000e+00    2.630000e+03          1.000000e+00   
25%    0.000000e+00    0.000000e+00    2.528000e+04          2.900000e+01   
50%    1.000000e+00    1.000000e+00    3.182700e+04          1.510000e+02   
75%    1.000000e+00    1.000000e+00    3.946000e+04          1.520000e+02   
max    2.000000e+00    1.000000e+00    5.401650e+05          1.630000e+02   

            Vintage  
count  7.669866e+06  
mean   1.638996e+02  
std    7.998445e+01  
min    1.000000e+01  
25%    9.900000e+01  
50%    1.660000e+02  
75%    2.320000e+02  
max    2.990000e+02  
2024-07-23 12:46:24,154 - INFO - Feature engineering completed successfully.
2024-07-23 12:46:24,154 - INFO - Train dataset size after feature engineering: (11504798, 14)
2024-07-23 12:46:24,155 - INFO - Test dataset size after feature engineering: (7669866, 13)
2024-07-23 12:46:24,156 - INFO - Train dataset columns after feature engineering:
Gender                                 int64
Age                                    int64
Region_Code                          float64
Previously_Insured                     int64
Vehicle_Age                            int64
Vehicle_Damage                         int64
Annual_Premium                       float64
Policy_Sales_Channel                 float64
Vintage                                int64
Response                               int64
Previously_Insured_Annual_Premium      int64
Previously_Insured_Vehicle_Age         int64
Previously_Insured_Vehicle_Damage      int64
Previously_Insured_Vintage             int64
dtype: object
2024-07-23 12:46:24,157 - INFO - Test dataset columns after feature engineering:
Gender                                 int64
Age                                    int64
Region_Code                          float64
Previously_Insured                     int64
Vehicle_Age                            int64
Vehicle_Damage                         int64
Annual_Premium                       float64
Policy_Sales_Channel                 float64
Vintage                                int64
Previously_Insured_Annual_Premium      int64
Previously_Insured_Vehicle_Age         int64
Previously_Insured_Vehicle_Damage      int64
Previously_Insured_Vintage             int64
dtype: object
2024-07-23 12:46:24,297 - INFO - Train dataset missing values after feature engineering:
Gender                               0
Age                                  0
Region_Code                          0
Previously_Insured                   0
Vehicle_Age                          0
Vehicle_Damage                       0
Annual_Premium                       0
Policy_Sales_Channel                 0
Vintage                              0
Response                             0
Previously_Insured_Annual_Premium    0
Previously_Insured_Vehicle_Age       0
Previously_Insured_Vehicle_Damage    0
Previously_Insured_Vintage           0
dtype: int64
2024-07-23 12:46:24,402 - INFO - Test dataset missing values after feature engineering:
Gender                               0
Age                                  0
Region_Code                          0
Previously_Insured                   0
Vehicle_Age                          0
Vehicle_Damage                       0
Annual_Premium                       0
Policy_Sales_Channel                 0
Vintage                              0
Previously_Insured_Annual_Premium    0
Previously_Insured_Vehicle_Age       0
Previously_Insured_Vehicle_Damage    0
Previously_Insured_Vintage           0
dtype: int64
2024-07-23 12:46:26,954 - INFO - Train dataset descriptive statistics after feature engineering:
             Gender           Age   Region_Code  Previously_Insured  \
count  1.150480e+07  1.150480e+07  1.150480e+07        1.150480e+07   
mean   5.413510e-01  3.838356e+01  2.641869e+01        4.629966e-01   
std    4.982872e-01  1.499346e+01  1.299159e+01        4.986289e-01   
min    0.000000e+00  2.000000e+01  0.000000e+00        0.000000e+00   
25%    0.000000e+00  2.400000e+01  1.500000e+01        0.000000e+00   
50%    1.000000e+00  3.600000e+01  2.800000e+01        0.000000e+00   
75%    1.000000e+00  4.900000e+01  3.500000e+01        1.000000e+00   
max    1.000000e+00  8.500000e+01  5.200000e+01        1.000000e+00   

        Vehicle_Age  Vehicle_Damage  Annual_Premium  Policy_Sales_Channel  \
count  1.150480e+07    1.150480e+07    1.150480e+07          1.150480e+07   
mean   6.031073e-01    5.026798e-01    3.046137e+04          1.124254e+02   
std    5.678559e-01    4.999928e-01    1.645475e+04          5.403571e+01   
min    0.000000e+00    0.000000e+00    2.630000e+03          1.000000e+00   
25%    0.000000e+00    0.000000e+00    2.527700e+04          2.900000e+01   
50%    1.000000e+00    1.000000e+00    3.182400e+04          1.510000e+02   
75%    1.000000e+00    1.000000e+00    3.945100e+04          1.520000e+02   
max    2.000000e+00    1.000000e+00    5.401650e+05          1.630000e+02   

            Vintage      Response  Previously_Insured_Annual_Premium  \
count  1.150480e+07  1.150480e+07                       1.150480e+07   
mean   1.638977e+02  1.229973e-01                       1.669780e+04   
std    7.997953e+01  3.284341e-01                       1.796723e+04   
min    1.000000e+01  0.000000e+00                       0.000000e+00   
25%    9.900000e+01  0.000000e+00                       1.860000e+03   
50%    1.660000e+02  0.000000e+00                       1.075200e+04   
75%    2.320000e+02  0.000000e+00                       2.594800e+04   
max    2.990000e+02  1.000000e+00                       9.536900e+04   

       Previously_Insured_Vehicle_Age  Previously_Insured_Vehicle_Damage  \
count                    1.150480e+07                       1.150480e+07   
mean                     1.703356e+00                       6.286911e-01   
std                      1.450295e+00                       7.044007e-01   
min                      0.000000e+00                       0.000000e+00   
25%                      0.000000e+00                       0.000000e+00   
50%                      2.000000e+00                       1.000000e+00   
75%                      3.000000e+00                       1.000000e+00   
max                      5.000000e+00                       3.000000e+00   

       Previously_Insured_Vintage  
count                1.150480e+07  
mean                 2.637749e+02  
std                  1.623910e+02  
min                  0.000000e+00  
25%                  1.230000e+02  
50%                  2.550000e+02  
75%                  3.960000e+02  
max                  5.790000e+02  
2024-07-23 12:46:28,563 - INFO - Test dataset descriptive statistics after feature engineering:
             Gender           Age   Region_Code  Previously_Insured  \
count  7.669866e+06  7.669866e+06  7.669866e+06        7.669866e+06   
mean   5.412613e-01  3.839137e+01  2.642661e+01        4.630772e-01   
std    4.982946e-01  1.499951e+01  1.299433e+01        4.986349e-01   
min    0.000000e+00  2.000000e+01  0.000000e+00        0.000000e+00   
25%    0.000000e+00  2.400000e+01  1.500000e+01        0.000000e+00   
50%    1.000000e+00  3.600000e+01  2.800000e+01        0.000000e+00   
75%    1.000000e+00  4.900000e+01  3.500000e+01        1.000000e+00   
max    1.000000e+00  8.500000e+01  5.200000e+01        1.000000e+00   

        Vehicle_Age  Vehicle_Damage  Annual_Premium  Policy_Sales_Channel  \
count  7.669866e+06    7.669866e+06    7.669866e+06          7.669866e+06   
mean   6.033933e-01    5.025463e-01    3.046553e+04          1.123650e+02   
std    5.679612e-01    4.999935e-01    1.644586e+04          5.407358e+01   
min    0.000000e+00    0.000000e+00    2.630000e+03          1.000000e+00   
25%    0.000000e+00    0.000000e+00    2.528000e+04          2.900000e+01   
50%    1.000000e+00    1.000000e+00    3.182700e+04          1.510000e+02   
75%    1.000000e+00    1.000000e+00    3.946000e+04          1.520000e+02   
max    2.000000e+00    1.000000e+00    5.401650e+05          1.630000e+02   

            Vintage  Previously_Insured_Annual_Premium  \
count  7.669866e+06                       7.669866e+06   
mean   1.638996e+02                       1.659242e+04   
std    7.998445e+01                       1.784412e+04   
min    1.000000e+01                       0.000000e+00   
25%    9.900000e+01                       1.881000e+03   
50%    1.660000e+02                       1.068700e+04   
75%    2.320000e+02                       2.577500e+04   
max    2.990000e+02                       9.188600e+04   

       Previously_Insured_Vehicle_Age  Previously_Insured_Vehicle_Damage  \
count                    7.669866e+06                       7.669866e+06   
mean                     1.612719e+00                       1.428701e+00   
std                      1.051251e+00                       6.406130e-01   
min                      0.000000e+00                       0.000000e+00   
25%                      1.000000e+00                       1.000000e+00   
50%                      2.000000e+00                       1.000000e+00   
75%                      2.000000e+00                       2.000000e+00   
max                      5.000000e+00                       3.000000e+00   

       Previously_Insured_Vintage  
count                7.669866e+06  
mean                 2.630836e+02  
std                  1.630874e+02  
min                  0.000000e+00  
25%                  1.210000e+02  
50%                  2.500000e+02  
75%                  4.040000e+02  
max                  5.790000e+02  
2024-07-23 12:46:29,454 - INFO - Data types optimized successfully.
2024-07-23 12:46:29,454 - INFO - Train dataset size after optimizing data types: (11504798, 14)
2024-07-23 12:46:29,455 - INFO - Test dataset size after optimizing data types: (7669866, 13)
2024-07-23 12:46:29,456 - INFO - Train dataset columns after optimizing data types:
Gender                                  int8
Age                                     int8
Region_Code                          float16
Previously_Insured                      int8
Vehicle_Age                             int8
Vehicle_Damage                          int8
Annual_Premium                       float32
Policy_Sales_Channel                 float16
Vintage                                int16
Response                                int8
Previously_Insured_Annual_Premium      int32
Previously_Insured_Vehicle_Age          int8
Previously_Insured_Vehicle_Damage       int8
Previously_Insured_Vintage             int16
dtype: object
2024-07-23 12:46:29,457 - INFO - Test dataset columns after optimizing data types:
Gender                                  int8
Age                                     int8
Region_Code                          float16
Previously_Insured                      int8
Vehicle_Age                             int8
Vehicle_Damage                          int8
Annual_Premium                       float32
Policy_Sales_Channel                 float16
Vintage                                int16
Previously_Insured_Annual_Premium      int32
Previously_Insured_Vehicle_Age          int8
Previously_Insured_Vehicle_Damage       int8
Previously_Insured_Vintage             int16
dtype: object
2024-07-23 12:46:29,616 - INFO - Train dataset missing values after optimizing data types:
Gender                               0
Age                                  0
Region_Code                          0
Previously_Insured                   0
Vehicle_Age                          0
Vehicle_Damage                       0
Annual_Premium                       0
Policy_Sales_Channel                 0
Vintage                              0
Response                             0
Previously_Insured_Annual_Premium    0
Previously_Insured_Vehicle_Age       0
Previously_Insured_Vehicle_Damage    0
Previously_Insured_Vintage           0
dtype: int64
2024-07-23 12:46:29,716 - INFO - Test dataset missing values after optimizing data types:
Gender                               0
Age                                  0
Region_Code                          0
Previously_Insured                   0
Vehicle_Age                          0
Vehicle_Damage                       0
Annual_Premium                       0
Policy_Sales_Channel                 0
Vintage                              0
Previously_Insured_Annual_Premium    0
Previously_Insured_Vehicle_Age       0
Previously_Insured_Vehicle_Damage    0
Previously_Insured_Vintage           0
dtype: int64
2024-07-23 12:46:33,214 - INFO - Train dataset descriptive statistics after optimizing data types:
             Gender           Age  Region_Code  Previously_Insured  \
count  1.150480e+07  1.150480e+07   11504798.0        1.150480e+07   
mean   5.413510e-01  3.838356e+01          NaN        4.629966e-01   
std    4.982872e-01  1.499346e+01          0.0        4.986289e-01   
min    0.000000e+00  2.000000e+01          0.0        0.000000e+00   
25%    0.000000e+00  2.400000e+01         15.0        0.000000e+00   
50%    1.000000e+00  3.600000e+01         28.0        0.000000e+00   
75%    1.000000e+00  4.900000e+01         35.0        1.000000e+00   
max    1.000000e+00  8.500000e+01         52.0        1.000000e+00   

        Vehicle_Age  Vehicle_Damage  Annual_Premium  Policy_Sales_Channel  \
count  1.150480e+07    1.150480e+07    1.150480e+07            11504798.0   
mean   6.031073e-01    5.026798e-01    3.046136e+04                   NaN   
std    5.678559e-01    4.999928e-01    1.640609e+04                   0.0   
min    0.000000e+00    0.000000e+00    2.630000e+03                   1.0   
25%    0.000000e+00    0.000000e+00    2.527700e+04                  29.0   
50%    1.000000e+00    1.000000e+00    3.182400e+04                 151.0   
75%    1.000000e+00    1.000000e+00    3.945100e+04                 152.0   
max    2.000000e+00    1.000000e+00    5.401650e+05                 163.0   

            Vintage      Response  Previously_Insured_Annual_Premium  \
count  1.150480e+07  1.150480e+07                       1.150480e+07   
mean   1.638977e+02  1.229973e-01                       1.669780e+04   
std    7.997953e+01  3.284341e-01                       1.796723e+04   
min    1.000000e+01  0.000000e+00                       0.000000e+00   
25%    9.900000e+01  0.000000e+00                       1.860000e+03   
50%    1.660000e+02  0.000000e+00                       1.075200e+04   
75%    2.320000e+02  0.000000e+00                       2.594800e+04   
max    2.990000e+02  1.000000e+00                       9.536900e+04   

       Previously_Insured_Vehicle_Age  Previously_Insured_Vehicle_Damage  \
count                    1.150480e+07                       1.150480e+07   
mean                     1.703356e+00                       6.286911e-01   
std                      1.450295e+00                       7.044007e-01   
min                      0.000000e+00                       0.000000e+00   
25%                      0.000000e+00                       0.000000e+00   
50%                      2.000000e+00                       1.000000e+00   
75%                      3.000000e+00                       1.000000e+00   
max                      5.000000e+00                       3.000000e+00   

       Previously_Insured_Vintage  
count                1.150480e+07  
mean                 2.637749e+02  
std                  1.623910e+02  
min                  0.000000e+00  
25%                  1.230000e+02  
50%                  2.550000e+02  
75%                  3.960000e+02  
max                  5.790000e+02  
2024-07-23 12:46:35,469 - INFO - Test dataset descriptive statistics after optimizing data types:
             Gender           Age  Region_Code  Previously_Insured  \
count  7.669866e+06  7.669866e+06    7669866.0        7.669866e+06   
mean   5.412613e-01  3.839137e+01          NaN        4.630772e-01   
std    4.982946e-01  1.499951e+01          0.0        4.986349e-01   
min    0.000000e+00  2.000000e+01          0.0        0.000000e+00   
25%    0.000000e+00  2.400000e+01         15.0        0.000000e+00   
50%    1.000000e+00  3.600000e+01         28.0        0.000000e+00   
75%    1.000000e+00  4.900000e+01         35.0        1.000000e+00   
max    1.000000e+00  8.500000e+01         52.0        1.000000e+00   

        Vehicle_Age  Vehicle_Damage  Annual_Premium  Policy_Sales_Channel  \
count  7.669866e+06    7.669866e+06    7.669866e+06             7669866.0   
mean   6.033933e-01    5.025463e-01    3.046552e+04                   NaN   
std    5.679612e-01    4.999935e-01    1.640548e+04                   0.0   
min    0.000000e+00    0.000000e+00    2.630000e+03                   1.0   
25%    0.000000e+00    0.000000e+00    2.528000e+04                  29.0   
50%    1.000000e+00    1.000000e+00    3.182700e+04                 151.0   
75%    1.000000e+00    1.000000e+00    3.946000e+04                 152.0   
max    2.000000e+00    1.000000e+00    5.401650e+05                 163.0   

            Vintage  Previously_Insured_Annual_Premium  \
count  7.669866e+06                       7.669866e+06   
mean   1.638996e+02                       1.659242e+04   
std    7.998445e+01                       1.784412e+04   
min    1.000000e+01                       0.000000e+00   
25%    9.900000e+01                       1.881000e+03   
50%    1.660000e+02                       1.068700e+04   
75%    2.320000e+02                       2.577500e+04   
max    2.990000e+02                       9.188600e+04   

       Previously_Insured_Vehicle_Age  Previously_Insured_Vehicle_Damage  \
count                    7.669866e+06                       7.669866e+06   
mean                     1.612719e+00                       1.428701e+00   
std                      1.051251e+00                       6.406130e-01   
min                      0.000000e+00                       0.000000e+00   
25%                      1.000000e+00                       1.000000e+00   
50%                      2.000000e+00                       1.000000e+00   
75%                      2.000000e+00                       2.000000e+00   
max                      5.000000e+00                       3.000000e+00   

       Previously_Insured_Vintage  
count                7.669866e+06  
mean                 2.630836e+02  
std                  1.630874e+02  
min                  0.000000e+00  
25%                  1.210000e+02  
50%                  2.500000e+02  
75%                  4.040000e+02  
max                  5.790000e+02  
2024-07-23 12:46:37,991 - INFO - Features and target variable separated and scaled.
2024-07-23 12:46:37,992 - INFO - Training features shape: (11504798, 13)
2024-07-23 12:46:37,992 - INFO - Training target shape: (11504798,)
2024-07-23 12:46:37,993 - INFO - Test features shape: (7669866, 13)
