2024-07-25 16:50:21,253 - INFO - Start memory usage of dataframe: 643.68 MB
2024-07-25 16:50:22,302 - INFO - End memory usage of dataframe: 204.81 MB
2024-07-25 16:50:22,303 - INFO - Decreased by 68.2%
2024-07-25 16:53:14,871 - INFO - Start memory usage of dataframe: 643.68 MB
2024-07-25 16:53:15,922 - INFO - End memory usage of dataframe: 204.81 MB
2024-07-25 16:53:15,922 - INFO - Decreased by 68.2%
2024-07-25 16:55:33,406 - INFO - Start memory usage of dataframe: 1053.30 MB
2024-07-25 16:55:35,020 - INFO - End memory usage of dataframe: 318.18 MB
2024-07-25 16:55:35,021 - INFO - Decreased by 69.8%
2024-07-25 16:55:44,725 - INFO - Start memory usage of dataframe: 643.68 MB
2024-07-25 16:55:45,791 - INFO - End memory usage of dataframe: 204.81 MB
2024-07-25 16:55:45,791 - INFO - Decreased by 68.2%
2024-07-25 16:55:45,864 - INFO - Data loaded successfully.
2024-07-25 16:55:47,621 - INFO - Data preprocessed successfully.
2024-07-25 16:56:19,197 - INFO - Feature engineering completed successfully.
2024-07-25 17:06:05,318 - INFO - Start memory usage of dataframe: 1053.30 MB
2024-07-25 17:06:06,925 - INFO - End memory usage of dataframe: 318.18 MB
2024-07-25 17:06:06,926 - INFO - Decreased by 69.8%
2024-07-25 17:06:16,255 - INFO - Start memory usage of dataframe: 643.68 MB
2024-07-25 17:06:17,309 - INFO - End memory usage of dataframe: 204.81 MB
2024-07-25 17:06:17,310 - INFO - Decreased by 68.2%
2024-07-25 17:06:17,401 - INFO - Data loaded successfully.
2024-07-25 17:06:19,148 - INFO - Data preprocessed successfully.
2024-07-25 17:06:50,762 - INFO - Feature engineering completed successfully.
