2024-07-23 13:05:52,340 - INFO - Data loaded successfully.
2024-07-23 13:05:52,341 - INFO - Original train dataset size: (11504798, 11)
2024-07-23 13:05:52,341 - INFO - Original test dataset size: (7669866, 10)
2024-07-23 13:05:52,342 - INFO - Train dataset columns:
Gender                  category
Age                         int8
Driving_License             int8
Region_Code              float16
Previously_Insured          int8
Vehicle_Age             category
Vehicle_Damage          category
Annual_Premium           float32
Policy_Sales_Channel     float16
Vintage                    int16
Response                    int8
dtype: object
2024-07-23 13:05:52,343 - INFO - Test dataset columns:
Gender                  category
Age                         int8
Driving_License             int8
Region_Code              float16
Previously_Insured          int8
Vehicle_Age             category
Vehicle_Damage          category
Annual_Premium           float32
Policy_Sales_Channel     float16
Vintage                    int16
dtype: object
2024-07-23 13:05:52,480 - INFO - Train dataset missing values:
Gender                  0
Age                     0
Driving_License         0
Region_Code             0
Previously_Insured      0
Vehicle_Age             0
Vehicle_Damage          0
Annual_Premium          0
Policy_Sales_Channel    0
Vintage                 0
Response                0
dtype: int64
2024-07-23 13:05:52,565 - INFO - Test dataset missing values:
Gender                  0
Age                     0
Driving_License         0
Region_Code             0
Previously_Insured      0
Vehicle_Age             0
Vehicle_Damage          0
Annual_Premium          0
Policy_Sales_Channel    0
Vintage                 0
dtype: int64
2024-07-23 13:05:55,307 - INFO - Train dataset descriptive statistics:
          Gender           Age  Driving_License  Region_Code  \
count   11504798  1.150480e+07     1.150480e+07   11504798.0   
unique         2           NaN              NaN          NaN   
top         Male           NaN              NaN          NaN   
freq     6228134           NaN              NaN          NaN   
mean         NaN  3.838356e+01     9.980220e-01          NaN   
std          NaN  1.499346e+01     4.443120e-02          0.0   
min          NaN  2.000000e+01     0.000000e+00          0.0   
25%          NaN  2.400000e+01     1.000000e+00         15.0   
50%          NaN  3.600000e+01     1.000000e+00         28.0   
75%          NaN  4.900000e+01     1.000000e+00         35.0   
max          NaN  8.500000e+01     1.000000e+00         52.0   

        Previously_Insured Vehicle_Age Vehicle_Damage  Annual_Premium  \
count         1.150480e+07    11504798       11504798    1.150480e+07   
unique                 NaN           3              2             NaN   
top                    NaN    1-2 Year            Yes             NaN   
freq                   NaN     5982678        5783229             NaN   
mean          4.629966e-01         NaN            NaN    3.046136e+04   
std           4.986289e-01         NaN            NaN    1.640609e+04   
min           0.000000e+00         NaN            NaN    2.630000e+03   
25%           0.000000e+00         NaN            NaN    2.527700e+04   
50%           0.000000e+00         NaN            NaN    3.182400e+04   
75%           1.000000e+00         NaN            NaN    3.945100e+04   
max           1.000000e+00         NaN            NaN    5.401650e+05   

        Policy_Sales_Channel       Vintage      Response  
count             11504798.0  1.150480e+07  1.150480e+07  
unique                   NaN           NaN           NaN  
top                      NaN           NaN           NaN  
freq                     NaN           NaN           NaN  
mean                     NaN  1.638977e+02  1.229973e-01  
std                      0.0  7.997953e+01  3.284341e-01  
min                      1.0  1.000000e+01  0.000000e+00  
25%                     29.0  9.900000e+01  0.000000e+00  
50%                    151.0  1.660000e+02  0.000000e+00  
75%                    152.0  2.320000e+02  0.000000e+00  
max                    163.0  2.990000e+02  1.000000e+00  
2024-07-23 13:05:57,076 - INFO - Test dataset descriptive statistics:
         Gender           Age  Driving_License  Region_Code  \
count   7669866  7.669866e+06     7.669866e+06    7669866.0   
unique        2           NaN              NaN          NaN   
top        Male           NaN              NaN          NaN   
freq    4151402           NaN              NaN          NaN   
mean        NaN  3.839137e+01     9.980208e-01          NaN   
std         NaN  1.499951e+01     4.444387e-02          0.0   
min         NaN  2.000000e+01     0.000000e+00          0.0   
25%         NaN  2.400000e+01     1.000000e+00         15.0   
50%         NaN  3.600000e+01     1.000000e+00         28.0   
75%         NaN  4.900000e+01     1.000000e+00         35.0   
max         NaN  8.500000e+01     1.000000e+00         52.0   

        Previously_Insured Vehicle_Age Vehicle_Damage  Annual_Premium  \
count         7.669866e+06     7669866        7669866    7.669866e+06   
unique                 NaN           3              2             NaN   
top                    NaN    1-2 Year            Yes             NaN   
freq                   NaN     3989276        3854463             NaN   
mean          4.630772e-01         NaN            NaN    3.046552e+04   
std           4.986349e-01         NaN            NaN    1.640548e+04   
min           0.000000e+00         NaN            NaN    2.630000e+03   
25%           0.000000e+00         NaN            NaN    2.528000e+04   
50%           0.000000e+00         NaN            NaN    3.182700e+04   
75%           1.000000e+00         NaN            NaN    3.946000e+04   
max           1.000000e+00         NaN            NaN    5.401650e+05   

        Policy_Sales_Channel       Vintage  
count              7669866.0  7.669866e+06  
unique                   NaN           NaN  
top                      NaN           NaN  
freq                     NaN           NaN  
mean                     NaN  1.638996e+02  
std                      0.0  7.998445e+01  
min                      1.0  1.000000e+01  
25%                     29.0  9.900000e+01  
50%                    151.0  1.660000e+02  
75%                    152.0  2.320000e+02  
max                    163.0  2.990000e+02  
2024-07-23 13:05:57,451 - INFO - Data preprocessed successfully.
2024-07-23 13:05:57,452 - INFO - Preprocessed train dataset size: (11504798, 10)
2024-07-23 13:05:57,452 - INFO - Preprocessed test dataset size: (7669866, 9)
2024-07-23 13:05:57,454 - INFO - Preprocessed train dataset columns:
Gender                  category
Age                         int8
Region_Code              float16
Previously_Insured          int8
Vehicle_Age             category
Vehicle_Damage          category
Annual_Premium           float32
Policy_Sales_Channel     float16
Vintage                    int16
Response                    int8
dtype: object
2024-07-23 13:05:57,455 - INFO - Preprocessed test dataset columns:
Gender                  category
Age                         int8
Region_Code              float16
Previously_Insured          int8
Vehicle_Age             category
Vehicle_Damage          category
Annual_Premium           float32
Policy_Sales_Channel     float16
Vintage                    int16
dtype: object
2024-07-23 13:05:57,598 - INFO - Preprocessed train dataset missing values:
Gender                  0
Age                     0
Region_Code             0
Previously_Insured      0
Vehicle_Age             0
Vehicle_Damage          0
Annual_Premium          0
Policy_Sales_Channel    0
Vintage                 0
Response                0
dtype: int64
2024-07-23 13:05:57,693 - INFO - Preprocessed test dataset missing values:
Gender                  0
Age                     0
Region_Code             0
Previously_Insured      0
Vehicle_Age             0
Vehicle_Damage          0
Annual_Premium          0
Policy_Sales_Channel    0
Vintage                 0
dtype: int64
2024-07-23 13:06:00,458 - INFO - Preprocessed train dataset descriptive statistics:
            Gender           Age  Region_Code  Previously_Insured  \
count   11504798.0  1.150480e+07   11504798.0        1.150480e+07   
unique         2.0           NaN          NaN                 NaN   
top            1.0           NaN          NaN                 NaN   
freq     6228134.0           NaN          NaN                 NaN   
mean           NaN  3.838356e+01          NaN        4.629966e-01   
std            NaN  1.499346e+01          0.0        4.986289e-01   
min            NaN  2.000000e+01          0.0        0.000000e+00   
25%            NaN  2.400000e+01         15.0        0.000000e+00   
50%            NaN  3.600000e+01         28.0        0.000000e+00   
75%            NaN  4.900000e+01         35.0        1.000000e+00   
max            NaN  8.500000e+01         52.0        1.000000e+00   

        Vehicle_Age  Vehicle_Damage  Annual_Premium  Policy_Sales_Channel  \
count    11504798.0      11504798.0    1.150480e+07            11504798.0   
unique          3.0             2.0             NaN                   NaN   
top             1.0             1.0             NaN                   NaN   
freq      5982678.0       5783229.0             NaN                   NaN   
mean            NaN             NaN    3.046136e+04                   NaN   
std             NaN             NaN    1.640609e+04                   0.0   
min             NaN             NaN    2.630000e+03                   1.0   
25%             NaN             NaN    2.527700e+04                  29.0   
50%             NaN             NaN    3.182400e+04                 151.0   
75%             NaN             NaN    3.945100e+04                 152.0   
max             NaN             NaN    5.401650e+05                 163.0   

             Vintage      Response  
count   1.150480e+07  1.150480e+07  
unique           NaN           NaN  
top              NaN           NaN  
freq             NaN           NaN  
mean    1.638977e+02  1.229973e-01  
std     7.997953e+01  3.284341e-01  
min     1.000000e+01  0.000000e+00  
25%     9.900000e+01  0.000000e+00  
50%     1.660000e+02  0.000000e+00  
75%     2.320000e+02  0.000000e+00  
max     2.990000e+02  1.000000e+00  
2024-07-23 13:06:02,152 - INFO - Preprocessed test dataset descriptive statistics:
           Gender           Age  Region_Code  Previously_Insured  Vehicle_Age  \
count   7669866.0  7.669866e+06    7669866.0        7.669866e+06    7669866.0   
unique        2.0           NaN          NaN                 NaN          3.0   
top           1.0           NaN          NaN                 NaN          1.0   
freq    4151402.0           NaN          NaN                 NaN    3989276.0   
mean          NaN  3.839137e+01          NaN        4.630772e-01          NaN   
std           NaN  1.499951e+01          0.0        4.986349e-01          NaN   
min           NaN  2.000000e+01          0.0        0.000000e+00          NaN   
25%           NaN  2.400000e+01         15.0        0.000000e+00          NaN   
50%           NaN  3.600000e+01         28.0        0.000000e+00          NaN   
75%           NaN  4.900000e+01         35.0        1.000000e+00          NaN   
max           NaN  8.500000e+01         52.0        1.000000e+00          NaN   

        Vehicle_Damage  Annual_Premium  Policy_Sales_Channel       Vintage  
count        7669866.0    7.669866e+06             7669866.0  7.669866e+06  
unique             2.0             NaN                   NaN           NaN  
top                1.0             NaN                   NaN           NaN  
freq         3854463.0             NaN                   NaN           NaN  
mean               NaN    3.046552e+04                   NaN  1.638996e+02  
std                NaN    1.640548e+04                   0.0  7.998445e+01  
min                NaN    2.630000e+03                   1.0  1.000000e+01  
25%                NaN    2.528000e+04                  29.0  9.900000e+01  
50%                NaN    3.182700e+04                 151.0  1.660000e+02  
75%                NaN    3.946000e+04                 152.0  2.320000e+02  
max                NaN    5.401650e+05                 163.0  2.990000e+02  
2024-07-23 13:06:35,441 - INFO - Feature engineering completed successfully.
2024-07-23 13:06:35,442 - INFO - Train dataset size after feature engineering: (11504798, 14)
2024-07-23 13:06:35,442 - INFO - Test dataset size after feature engineering: (7669866, 13)
2024-07-23 13:06:35,444 - INFO - Train dataset columns after feature engineering:
Gender                               category
Age                                      int8
Region_Code                           float16
Previously_Insured                       int8
Vehicle_Age                          category
Vehicle_Damage                       category
Annual_Premium                        float32
Policy_Sales_Channel                  float16
Vintage                                 int16
Response                                 int8
Previously_Insured_Annual_Premium       int64
Previously_Insured_Vehicle_Age          int64
Previously_Insured_Vehicle_Damage       int64
Previously_Insured_Vintage              int64
dtype: object
2024-07-23 13:06:35,445 - INFO - Test dataset columns after feature engineering:
Gender                               category
Age                                      int8
Region_Code                           float16
Previously_Insured                       int8
Vehicle_Age                          category
Vehicle_Damage                       category
Annual_Premium                        float32
Policy_Sales_Channel                  float16
Vintage                                 int16
Previously_Insured_Annual_Premium       int64
Previously_Insured_Vehicle_Age          int64
Previously_Insured_Vehicle_Damage       int64
Previously_Insured_Vintage              int64
dtype: object
2024-07-23 13:06:35,613 - INFO - Train dataset missing values after feature engineering:
Gender                               0
Age                                  0
Region_Code                          0
Previously_Insured                   0
Vehicle_Age                          0
Vehicle_Damage                       0
Annual_Premium                       0
Policy_Sales_Channel                 0
Vintage                              0
Response                             0
Previously_Insured_Annual_Premium    0
Previously_Insured_Vehicle_Age       0
Previously_Insured_Vehicle_Damage    0
Previously_Insured_Vintage           0
dtype: int64
2024-07-23 13:06:35,715 - INFO - Test dataset missing values after feature engineering:
Gender                               0
Age                                  0
Region_Code                          0
Previously_Insured                   0
Vehicle_Age                          0
Vehicle_Damage                       0
Annual_Premium                       0
Policy_Sales_Channel                 0
Vintage                              0
Previously_Insured_Annual_Premium    0
Previously_Insured_Vehicle_Age       0
Previously_Insured_Vehicle_Damage    0
Previously_Insured_Vintage           0
dtype: int64
2024-07-23 13:06:39,109 - INFO - Train dataset descriptive statistics after feature engineering:
            Gender           Age  Region_Code  Previously_Insured  \
count   11504798.0  1.150480e+07   11504798.0        1.150480e+07   
unique         2.0           NaN          NaN                 NaN   
top            1.0           NaN          NaN                 NaN   
freq     6228134.0           NaN          NaN                 NaN   
mean           NaN  3.838356e+01          NaN        4.629966e-01   
std            NaN  1.499346e+01          0.0        4.986289e-01   
min            NaN  2.000000e+01          0.0        0.000000e+00   
25%            NaN  2.400000e+01         15.0        0.000000e+00   
50%            NaN  3.600000e+01         28.0        0.000000e+00   
75%            NaN  4.900000e+01         35.0        1.000000e+00   
max            NaN  8.500000e+01         52.0        1.000000e+00   

        Vehicle_Age  Vehicle_Damage  Annual_Premium  Policy_Sales_Channel  \
count    11504798.0      11504798.0    1.150480e+07            11504798.0   
unique          3.0             2.0             NaN                   NaN   
top             1.0             1.0             NaN                   NaN   
freq      5982678.0       5783229.0             NaN                   NaN   
mean            NaN             NaN    3.046136e+04                   NaN   
std             NaN             NaN    1.640609e+04                   0.0   
min             NaN             NaN    2.630000e+03                   1.0   
25%             NaN             NaN    2.527700e+04                  29.0   
50%             NaN             NaN    3.182400e+04                 151.0   
75%             NaN             NaN    3.945100e+04                 152.0   
max             NaN             NaN    5.401650e+05                 163.0   

             Vintage      Response  Previously_Insured_Annual_Premium  \
count   1.150480e+07  1.150480e+07                       1.150480e+07   
unique           NaN           NaN                                NaN   
top              NaN           NaN                                NaN   
freq             NaN           NaN                                NaN   
mean    1.638977e+02  1.229973e-01                       1.669780e+04   
std     7.997953e+01  3.284341e-01                       1.796723e+04   
min     1.000000e+01  0.000000e+00                       0.000000e+00   
25%     9.900000e+01  0.000000e+00                       1.860000e+03   
50%     1.660000e+02  0.000000e+00                       1.075200e+04   
75%     2.320000e+02  0.000000e+00                       2.594800e+04   
max     2.990000e+02  1.000000e+00                       9.536900e+04   

        Previously_Insured_Vehicle_Age  Previously_Insured_Vehicle_Damage  \
count                     1.150480e+07                       1.150480e+07   
unique                             NaN                                NaN   
top                                NaN                                NaN   
freq                               NaN                                NaN   
mean                      1.703356e+00                       6.286911e-01   
std                       1.450295e+00                       7.044007e-01   
min                       0.000000e+00                       0.000000e+00   
25%                       0.000000e+00                       0.000000e+00   
50%                       2.000000e+00                       1.000000e+00   
75%                       3.000000e+00                       1.000000e+00   
max                       5.000000e+00                       3.000000e+00   

        Previously_Insured_Vintage  
count                 1.150480e+07  
unique                         NaN  
top                            NaN  
freq                           NaN  
mean                  2.637749e+02  
std                   1.623910e+02  
min                   0.000000e+00  
25%                   1.230000e+02  
50%                   2.550000e+02  
75%                   3.960000e+02  
max                   5.790000e+02  
2024-07-23 13:06:41,259 - INFO - Test dataset descriptive statistics after feature engineering:
           Gender           Age  Region_Code  Previously_Insured  Vehicle_Age  \
count   7669866.0  7.669866e+06    7669866.0        7.669866e+06    7669866.0   
unique        2.0           NaN          NaN                 NaN          3.0   
top           1.0           NaN          NaN                 NaN          1.0   
freq    4151402.0           NaN          NaN                 NaN    3989276.0   
mean          NaN  3.839137e+01          NaN        4.630772e-01          NaN   
std           NaN  1.499951e+01          0.0        4.986349e-01          NaN   
min           NaN  2.000000e+01          0.0        0.000000e+00          NaN   
25%           NaN  2.400000e+01         15.0        0.000000e+00          NaN   
50%           NaN  3.600000e+01         28.0        0.000000e+00          NaN   
75%           NaN  4.900000e+01         35.0        1.000000e+00          NaN   
max           NaN  8.500000e+01         52.0        1.000000e+00          NaN   

        Vehicle_Damage  Annual_Premium  Policy_Sales_Channel       Vintage  \
count        7669866.0    7.669866e+06             7669866.0  7.669866e+06   
unique             2.0             NaN                   NaN           NaN   
top                1.0             NaN                   NaN           NaN   
freq         3854463.0             NaN                   NaN           NaN   
mean               NaN    3.046552e+04                   NaN  1.638996e+02   
std                NaN    1.640548e+04                   0.0  7.998445e+01   
min                NaN    2.630000e+03                   1.0  1.000000e+01   
25%                NaN    2.528000e+04                  29.0  9.900000e+01   
50%                NaN    3.182700e+04                 151.0  1.660000e+02   
75%                NaN    3.946000e+04                 152.0  2.320000e+02   
max                NaN    5.401650e+05                 163.0  2.990000e+02   

        Previously_Insured_Annual_Premium  Previously_Insured_Vehicle_Age  \
count                        7.669866e+06                    7.669866e+06   
unique                                NaN                             NaN   
top                                   NaN                             NaN   
freq                                  NaN                             NaN   
mean                         1.659242e+04                    1.612719e+00   
std                          1.784412e+04                    1.051251e+00   
min                          0.000000e+00                    0.000000e+00   
25%                          1.881000e+03                    1.000000e+00   
50%                          1.068700e+04                    2.000000e+00   
75%                          2.577500e+04                    2.000000e+00   
max                          9.188600e+04                    5.000000e+00   

        Previously_Insured_Vehicle_Damage  Previously_Insured_Vintage  
count                        7.669866e+06                7.669866e+06  
unique                                NaN                         NaN  
top                                   NaN                         NaN  
freq                                  NaN                         NaN  
mean                         1.428701e+00                2.630836e+02  
std                          6.406130e-01                1.630874e+02  
min                          0.000000e+00                0.000000e+00  
25%                          1.000000e+00                1.210000e+02  
50%                          1.000000e+00                2.500000e+02  
75%                          2.000000e+00                4.040000e+02  
max                          3.000000e+00                5.790000e+02  
2024-07-23 13:06:44,184 - INFO - Features and target variable separated and scaled.
2024-07-23 13:06:44,185 - INFO - Training features shape: (11504798, 13)
2024-07-23 13:06:44,185 - INFO - Training target shape: (11504798,)
2024-07-23 13:06:44,186 - INFO - Test features shape: (7669866, 13)
2024-07-23 13:23:06,722 - INFO - Validation AUC score: 0.8760561287816638
2024-07-23 13:23:06,776 - INFO - Best iteration found: 1000
2024-07-23 13:27:18,671 - INFO - Data loaded successfully.
2024-07-23 13:27:19,073 - INFO - Data preprocessed successfully.
2024-07-23 13:27:52,852 - INFO - Feature engineering completed successfully.
2024-07-23 13:27:55,810 - INFO - Features and target variable separated and scaled.
