2024-07-23 21:48:55,151 - INFO - Start memory usage of dataframe: 1053.30 MB
2024-07-23 21:49:00,073 - WARNING - Column Region_Code has changed: {'min': 0.0, 'max': 52.0, 'mean': 26.41868976752134, 'unique': 54} != {'min': 0.0, 'max': 52.0, 'mean': 26.418718, 'unique': 54}
2024-07-23 21:49:00,074 - WARNING - Column Annual_Premium has changed: {'min': 2630.0, 'max': 540165.0, 'mean': 30461.370410588694, 'unique': 51728} != {'min': 2630.0, 'max': 540165.0, 'mean': 30461.36, 'unique': 51728}
2024-07-23 21:49:00,074 - WARNING - Column Policy_Sales_Channel has changed: {'min': 1.0, 'max': 163.0, 'mean': 112.42544188954903, 'unique': 152} != {'min': 1.0, 'max': 163.0, 'mean': 112.42544, 'unique': 152}
2024-07-23 21:49:00,075 - INFO - Column Age precision loss: 0.000000%
2024-07-23 21:49:00,075 - INFO - Column Driving_License precision loss: 0.000000%
2024-07-23 21:49:00,076 - INFO - Column Region_Code precision loss: 0.000108%
2024-07-23 21:49:00,076 - INFO - Column Previously_Insured precision loss: 0.000000%
2024-07-23 21:49:00,077 - INFO - Column Annual_Premium precision loss: 0.000036%
2024-07-23 21:49:00,077 - INFO - Column Policy_Sales_Channel precision loss: 0.000004%
2024-07-23 21:49:00,078 - INFO - Column Vintage precision loss: 0.000000%
2024-07-23 21:49:00,078 - INFO - Column Response precision loss: 0.000000%
2024-07-23 21:49:00,080 - INFO - End memory usage of dataframe: 318.18 MB
2024-07-23 21:49:00,081 - INFO - Decreased by 69.8%
2024-07-23 21:49:10,158 - INFO - Start memory usage of dataframe: 643.68 MB
2024-07-23 21:49:13,348 - WARNING - Column Region_Code has changed: {'min': 0.0, 'max': 52.0, 'mean': 26.42661358099346, 'unique': 53} != {'min': 0.0, 'max': 52.0, 'mean': 26.426613, 'unique': 53}
2024-07-23 21:49:13,348 - WARNING - Column Annual_Premium has changed: {'min': 2630.0, 'max': 540165.0, 'mean': 30465.52566837543, 'unique': 50044} != {'min': 2630.0, 'max': 540165.0, 'mean': 30465.523, 'unique': 50044}
2024-07-23 21:49:13,348 - WARNING - Column Policy_Sales_Channel has changed: {'min': 1.0, 'max': 163.0, 'mean': 112.36499203506294, 'unique': 151} != {'min': 1.0, 'max': 163.0, 'mean': 112.36501, 'unique': 151}
2024-07-23 21:49:13,350 - INFO - Column Age precision loss: 0.000000%
2024-07-23 21:49:13,350 - INFO - Column Driving_License precision loss: 0.000000%
2024-07-23 21:49:13,351 - INFO - Column Region_Code precision loss: 0.000003%
2024-07-23 21:49:13,352 - INFO - Column Previously_Insured precision loss: 0.000000%
2024-07-23 21:49:13,352 - INFO - Column Annual_Premium precision loss: 0.000007%
2024-07-23 21:49:13,353 - INFO - Column Policy_Sales_Channel precision loss: 0.000019%
2024-07-23 21:49:13,353 - INFO - Column Vintage precision loss: 0.000000%
2024-07-23 21:49:13,354 - INFO - End memory usage of dataframe: 204.81 MB
2024-07-23 21:49:13,355 - INFO - Decreased by 68.2%
2024-07-23 21:49:13,419 - INFO - Data loaded successfully.
2024-07-23 21:49:15,349 - INFO - Data preprocessed successfully.
2024-07-23 21:49:50,791 - INFO - Feature engineering completed successfully.
2024-07-23 21:49:51,614 - INFO - Features and target variable separated and scaled.
2024-07-23 21:50:48,144 - INFO - Features and target variable separated and scaled.
2024-07-23 21:51:29,707 - INFO - Features and target variable separated and scaled.
2024-07-23 21:55:09,418 - INFO - Features and target variable separated and scaled.
2024-07-23 21:55:42,697 - INFO - Features and target variable separated and scaled.
2024-07-23 21:56:08,178 - INFO - Features and target variable separated and scaled.
2024-07-23 21:59:40,379 - INFO - Features and target variable separated and scaled.
2024-07-23 22:29:12,957 - INFO - Start memory usage of dataframe: 1053.30 MB
2024-07-23 22:29:19,117 - WARNING - Column Region_Code has changed: {'min': 0.0, 'max': 52.0, 'mean': 26.41868976752134, 'unique': 54} != {'min': 0.0, 'max': 52.0, 'mean': 26.418718, 'unique': 54}
2024-07-23 22:29:19,118 - WARNING - Column Annual_Premium has changed: {'min': 2630.0, 'max': 540165.0, 'mean': 30461.370410588694, 'unique': 51728} != {'min': 2630.0, 'max': 540165.0, 'mean': 30461.36, 'unique': 51728}
2024-07-23 22:29:19,118 - WARNING - Column Policy_Sales_Channel has changed: {'min': 1.0, 'max': 163.0, 'mean': 112.42544188954903, 'unique': 152} != {'min': 1.0, 'max': 163.0, 'mean': 112.42544, 'unique': 152}
2024-07-23 22:29:19,118 - INFO - Column Age precision loss: 0.000000%
2024-07-23 22:29:19,119 - INFO - Column Driving_License precision loss: 0.000000%
2024-07-23 22:29:19,119 - INFO - Column Region_Code precision loss: 0.000108%
2024-07-23 22:29:19,120 - INFO - Column Previously_Insured precision loss: 0.000000%
2024-07-23 22:29:19,120 - INFO - Column Annual_Premium precision loss: 0.000036%
2024-07-23 22:29:19,121 - INFO - Column Policy_Sales_Channel precision loss: 0.000004%
2024-07-23 22:29:19,121 - INFO - Column Vintage precision loss: 0.000000%
2024-07-23 22:29:19,122 - INFO - Column Response precision loss: 0.000000%
2024-07-23 22:29:19,122 - INFO - End memory usage of dataframe: 318.18 MB
2024-07-23 22:29:19,124 - INFO - Decreased by 69.8%
2024-07-23 22:29:31,654 - INFO - Start memory usage of dataframe: 643.68 MB
2024-07-23 22:29:35,477 - WARNING - Column Region_Code has changed: {'min': 0.0, 'max': 52.0, 'mean': 26.42661358099346, 'unique': 53} != {'min': 0.0, 'max': 52.0, 'mean': 26.426613, 'unique': 53}
2024-07-23 22:29:35,478 - WARNING - Column Annual_Premium has changed: {'min': 2630.0, 'max': 540165.0, 'mean': 30465.52566837543, 'unique': 50044} != {'min': 2630.0, 'max': 540165.0, 'mean': 30465.523, 'unique': 50044}
2024-07-23 22:29:35,479 - WARNING - Column Policy_Sales_Channel has changed: {'min': 1.0, 'max': 163.0, 'mean': 112.36499203506294, 'unique': 151} != {'min': 1.0, 'max': 163.0, 'mean': 112.36501, 'unique': 151}
2024-07-23 22:29:35,479 - INFO - Column Age precision loss: 0.000000%
2024-07-23 22:29:35,480 - INFO - Column Driving_License precision loss: 0.000000%
2024-07-23 22:29:35,480 - INFO - Column Region_Code precision loss: 0.000003%
2024-07-23 22:29:35,481 - INFO - Column Previously_Insured precision loss: 0.000000%
2024-07-23 22:29:35,482 - INFO - Column Annual_Premium precision loss: 0.000007%
2024-07-23 22:29:35,482 - INFO - Column Policy_Sales_Channel precision loss: 0.000019%
2024-07-23 22:29:35,483 - INFO - Column Vintage precision loss: 0.000000%
2024-07-23 22:29:35,484 - INFO - End memory usage of dataframe: 204.81 MB
2024-07-23 22:29:35,485 - INFO - Decreased by 68.2%
2024-07-23 22:29:35,763 - INFO - Data loaded successfully.
2024-07-23 22:29:37,978 - INFO - Data preprocessed successfully.
2024-07-23 22:30:20,543 - INFO - Feature engineering completed successfully.
2024-07-23 22:30:20,934 - INFO - Features and target variable separated and scaled.
