2024-07-26 23:01:33,202 - INFO - Start memory usage of dataframe: 1053.30 MB
2024-07-26 23:01:34,812 - INFO - End memory usage of dataframe: 318.18 MB
2024-07-26 23:01:34,813 - INFO - Decreased by 69.8%
2024-07-26 23:01:34,813 - INFO - Data loaded and memory optimized from C:\Users\paulo\OneDrive\Documents\kaggle_competition_2_datasets\train.csv
2024-07-26 23:01:39,009 - INFO - Start memory usage of dataframe: 643.68 MB
2024-07-26 23:01:40,068 - INFO - End memory usage of dataframe: 204.81 MB
2024-07-26 23:01:40,069 - INFO - Decreased by 68.2%
2024-07-26 23:01:40,069 - INFO - Data loaded and memory optimized from C:\Users\paulo\OneDrive\Documents\kaggle_competition_2_datasets\test.csv
2024-07-26 23:01:40,566 - INFO - Data loaded successfully.
2024-07-26 23:01:40,589 - INFO - Data split into training and validation sets.
2024-07-26 23:01:40,828 - INFO - Feature engineering completed.
2024-07-26 23:01:40,887 - INFO - Feature engineering completed.
2024-07-26 23:02:17,541 - INFO - Feature engineering completed.
2024-07-26 23:05:09,899 - INFO - Start memory usage of dataframe: 1053.30 MB
2024-07-26 23:05:11,520 - INFO - End memory usage of dataframe: 318.18 MB
2024-07-26 23:05:11,520 - INFO - Decreased by 69.8%
2024-07-26 23:05:11,521 - INFO - Data loaded and memory optimized from C:\Users\paulo\OneDrive\Documents\kaggle_competition_2_datasets\train.csv
2024-07-26 23:05:15,802 - INFO - Start memory usage of dataframe: 643.68 MB
2024-07-26 23:05:16,905 - INFO - End memory usage of dataframe: 204.81 MB
2024-07-26 23:05:16,905 - INFO - Decreased by 68.2%
2024-07-26 23:05:16,906 - INFO - Data loaded and memory optimized from C:\Users\paulo\OneDrive\Documents\kaggle_competition_2_datasets\test.csv
2024-07-26 23:05:17,457 - INFO - Data loaded successfully.
2024-07-26 23:05:17,480 - INFO - Data split into training and validation sets.
2024-07-26 23:05:17,718 - INFO - Feature engineering completed.
2024-07-26 23:05:17,781 - INFO - Feature engineering completed.
2024-07-26 23:05:54,766 - INFO - Feature engineering completed.
2024-07-26 23:07:03,378 - INFO - Exploring Transformed Training DataFrame:
2024-07-26 23:07:03,379 - INFO - Transformed Training shape: (46019, 26)
2024-07-26 23:07:03,381 - INFO - Transformed Training info:
2024-07-26 23:07:03,421 - INFO - Transformed Training summary statistics:
2024-07-26 23:07:03,610 - INFO - Exploring Transformed Validation DataFrame:
2024-07-26 23:07:03,610 - INFO - Transformed Validation shape: (11505, 26)
2024-07-26 23:07:03,612 - INFO - Transformed Validation info:
2024-07-26 23:07:03,622 - INFO - Transformed Validation summary statistics:
2024-07-26 23:07:03,685 - INFO - Exploring Transformed Test DataFrame:
2024-07-26 23:07:03,686 - INFO - Transformed Test shape: (7669866, 26)
2024-07-26 23:07:03,687 - INFO - Transformed Test info:
2024-07-26 23:07:03,691 - INFO - Transformed Test summary statistics:
2024-07-26 23:10:12,364 - INFO - Start memory usage of dataframe: 1053.30 MB
2024-07-26 23:10:13,974 - INFO - End memory usage of dataframe: 318.18 MB
2024-07-26 23:10:13,975 - INFO - Decreased by 69.8%
2024-07-26 23:10:13,975 - INFO - Data loaded and memory optimized from C:\Users\paulo\OneDrive\Documents\kaggle_competition_2_datasets\train.csv
2024-07-26 23:10:18,305 - INFO - Start memory usage of dataframe: 643.68 MB
2024-07-26 23:10:19,455 - INFO - End memory usage of dataframe: 204.81 MB
2024-07-26 23:10:19,455 - INFO - Decreased by 68.2%
2024-07-26 23:10:19,456 - INFO - Data loaded and memory optimized from C:\Users\paulo\OneDrive\Documents\kaggle_competition_2_datasets\test.csv
2024-07-26 23:10:19,980 - INFO - Data loaded successfully.
2024-07-26 23:10:20,001 - INFO - Data split into training and validation sets.
2024-07-26 23:10:20,229 - INFO - Feature engineering completed.
2024-07-26 23:10:20,290 - INFO - Feature engineering completed.
2024-07-26 23:10:56,813 - INFO - Feature engineering completed.
2024-07-26 23:11:21,712 - INFO - Exploring Transformed Training DataFrame:
2024-07-26 23:11:21,713 - INFO - Transformed Training shape: (46019, 26)
2024-07-26 23:11:21,714 - INFO - Transformed Training info:
2024-07-26 23:11:21,753 - INFO - Transformed Training summary statistics:
2024-07-26 23:11:21,924 - INFO - Exploring Transformed Validation DataFrame:
2024-07-26 23:11:21,925 - INFO - Transformed Validation shape: (11505, 26)
2024-07-26 23:11:21,926 - INFO - Transformed Validation info:
2024-07-26 23:11:21,938 - INFO - Transformed Validation summary statistics:
2024-07-26 23:11:22,011 - INFO - Exploring Transformed Test DataFrame:
2024-07-26 23:11:22,012 - INFO - Transformed Test shape: (7669866, 26)
2024-07-26 23:11:22,013 - INFO - Transformed Test info:
2024-07-26 23:11:22,017 - INFO - Transformed Test summary statistics:
2024-07-26 23:11:44,962 - INFO - Starting XGBoost training...
2024-07-26 23:11:44,967 - INFO - ---- Fold 1 ----
